This is pdfTeX, Version 3.141592653-2.6-1.40.25 (TeX Live 2023) (preloaded format=pdflatex 2023.10.11)  1 NOV 2023 09:18
entering extended mode
 restricted \write18 enabled.
 %&-line parsing enabled.
**SOC1060_S6_La_vie_en_couple_Fecondite.tex
(./SOC1060_S6_La_vie_en_couple_Fecondite.tex
LaTeX2e <2023-06-01> patch level 1
L3 programming layer <2023-10-10>
(/Users/adjiwanouvisseho/Library/TinyTeX/texmf-dist/tex/latex/beamer/beamer.cls
Document Class: beamer 2023/05/15 v3.70 A class for typesetting presentations
(/Users/adjiwanouvisseho/Library/TinyTeX/texmf-dist/tex/latex/beamer/beamerbasemodes.sty (/Users/adjiwanouvisseho/Library/TinyTeX/texmf-dist/tex/latex/etoolbox/etoolbox.sty
Package: etoolbox 2020/10/05 v2.5k e-TeX tools for LaTeX (JAW)
\etb@tempcnta=\count185
)
\beamer@tempbox=\box51
\beamer@tempcount=\count186
\c@beamerpauses=\count187
(/Users/adjiwanouvisseho/Library/TinyTeX/texmf-dist/tex/latex/beamer/beamerbasedecode.sty
\beamer@slideinframe=\count188
\beamer@minimum=\count189
\beamer@decode@box=\box52
)
\beamer@commentbox=\box53
\beamer@modecount=\count190
) (/Users/adjiwanouvisseho/Library/TinyTeX/texmf-dist/tex/generic/iftex/iftex.sty
Package: iftex 2022/02/03 v1.0f TeX engine tests
)
\headdp=\dimen140
\footheight=\dimen141
\sidebarheight=\dimen142
\beamer@tempdim=\dimen143
\beamer@finalheight=\dimen144
\beamer@animht=\dimen145
\beamer@animdp=\dimen146
\beamer@animwd=\dimen147
\beamer@leftmargin=\dimen148
\beamer@rightmargin=\dimen149
\beamer@leftsidebar=\dimen150
\beamer@rightsidebar=\dimen151
\beamer@boxsize=\dimen152
\beamer@vboxoffset=\dimen153
\beamer@descdefault=\dimen154
\beamer@descriptionwidth=\dimen155
\beamer@lastskip=\skip48
\beamer@areabox=\box54
\beamer@animcurrent=\box55
\beamer@animshowbox=\box56
\beamer@sectionbox=\box57
\beamer@logobox=\box58
\beamer@linebox=\box59
\beamer@sectioncount=\count191
\beamer@subsubsectionmax=\count192
\beamer@subsectionmax=\count193
\beamer@sectionmax=\count194
\beamer@totalheads=\count195
\beamer@headcounter=\count196
\beamer@partstartpage=\count197
\beamer@sectionstartpage=\count198
\beamer@subsectionstartpage=\count199
\beamer@animationtempa=\count266
\beamer@animationtempb=\count267
\beamer@xpos=\count268
\beamer@ypos=\count269
\beamer@ypos@offset=\count270
\beamer@showpartnumber=\count271
\beamer@currentsubsection=\count272
\beamer@coveringdepth=\count273
\beamer@sectionadjust=\count274
\beamer@toclastsection=\count275
\beamer@tocsectionnumber=\count276
(/Users/adjiwanouvisseho/Library/TinyTeX/texmf-dist/tex/latex/beamer/beamerbaseoptions.sty (/Users/adjiwanouvisseho/Library/TinyTeX/texmf-dist/tex/latex/graphics/keyval.sty
Package: keyval 2022/05/29 v1.15 key=value parser (DPC)
\KV@toks@=\toks17
))
\beamer@paperwidth=\skip49
\beamer@paperheight=\skip50
(/Users/adjiwanouvisseho/Library/TinyTeX/texmf-dist/tex/latex/geometry/geometry.sty
Package: geometry 2020/01/02 v5.9 Page Geometry
(/Users/adjiwanouvisseho/Library/TinyTeX/texmf-dist/tex/generic/iftex/ifvtex.sty
Package: ifvtex 2019/10/25 v1.7 ifvtex legacy package. Use iftex instead.
)
\Gm@cnth=\count277
\Gm@cntv=\count278
\c@Gm@tempcnt=\count279
\Gm@bindingoffset=\dimen156
\Gm@wd@mp=\dimen157
\Gm@odd@mp=\dimen158
\Gm@even@mp=\dimen159
\Gm@layoutwidth=\dimen160
\Gm@layoutheight=\dimen161
\Gm@layouthoffset=\dimen162
\Gm@layoutvoffset=\dimen163
\Gm@dimlist=\toks18
) (/Users/adjiwanouvisseho/Library/TinyTeX/texmf-dist/tex/latex/pgf/math/pgfmath.sty (/Users/adjiwanouvisseho/Library/TinyTeX/texmf-dist/tex/latex/pgf/utilities/pgfrcs.sty (/Users/adjiwanouvisseho/Library/TinyTeX/texmf-dist/tex/generic/pgf/utilities/pgfutil-common.tex
\pgfutil@everybye=\toks19
\pgfutil@tempdima=\dimen164
\pgfutil@tempdimb=\dimen165
) (/Users/adjiwanouvisseho/Library/TinyTeX/texmf-dist/tex/generic/pgf/utilities/pgfutil-latex.def
\pgfutil@abb=\box60
) (/Users/adjiwanouvisseho/Library/TinyTeX/texmf-dist/tex/generic/pgf/utilities/pgfrcs.code.tex (/Users/adjiwanouvisseho/Library/TinyTeX/texmf-dist/tex/generic/pgf/pgf.revision.tex)
Package: pgfrcs 2023-01-15 v3.1.10 (3.1.10)
)) (/Users/adjiwanouvisseho/Library/TinyTeX/texmf-dist/tex/latex/pgf/utilities/pgfkeys.sty (/Users/adjiwanouvisseho/Library/TinyTeX/texmf-dist/tex/generic/pgf/utilities/pgfkeys.code.tex
\pgfkeys@pathtoks=\toks20
\pgfkeys@temptoks=\toks21
(/Users/adjiwanouvisseho/Library/TinyTeX/texmf-dist/tex/generic/pgf/utilities/pgfkeyslibraryfiltered.code.tex
\pgfkeys@tmptoks=\toks22
))) (/Users/adjiwanouvisseho/Library/TinyTeX/texmf-dist/tex/generic/pgf/math/pgfmath.code.tex (/Users/adjiwanouvisseho/Library/TinyTeX/texmf-dist/tex/generic/pgf/math/pgfmathutil.code.tex
\pgf@x=\dimen166
\pgf@xa=\dimen167
\pgf@xb=\dimen168
\pgf@xc=\dimen169
\pgf@y=\dimen170
\pgf@ya=\dimen171
\pgf@yb=\dimen172
\pgf@yc=\dimen173
\c@pgf@counta=\count280
\c@pgf@countb=\count281
\c@pgf@countc=\count282
\c@pgf@countd=\count283
) (/Users/adjiwanouvisseho/Library/TinyTeX/texmf-dist/tex/generic/pgf/math/pgfmathparser.code.tex
\pgfmath@dimen=\dimen174
\pgfmath@count=\count284
\pgfmath@box=\box61
\pgfmath@toks=\toks23
\pgfmath@stack@operand=\toks24
\pgfmath@stack@operation=\toks25
) (/Users/adjiwanouvisseho/Library/TinyTeX/texmf-dist/tex/generic/pgf/math/pgfmathfunctions.code.tex) (/Users/adjiwanouvisseho/Library/TinyTeX/texmf-dist/tex/generic/pgf/math/pgfmathfunctions.basic.code.tex) (/Users/adjiwanouvisseho/Library/TinyTeX/texmf-dist/tex/generic/pgf/math/pgfmathfunctions.trigonometric.code.tex) (/Users/adjiwanouvisseho/Library/TinyTeX/texmf-dist/tex/generic/pgf/math/pgfmathfunctions.random.code.tex) (/Users/adjiwanouvisseho/Library/TinyTeX/texmf-dist/tex/generic/pgf/math/pgfmathfunctions.comparison.code.tex) (/Users/adjiwanouvisseho/Library/TinyTeX/texmf-dist/tex/generic/pgf/math/pgfmathfunctions.base.code.tex) (/Users/adjiwanouvisseho/Library/TinyTeX/texmf-dist/tex/generic/pgf/math/pgfmathfunctions.round.code.tex) (/Users/adjiwanouvisseho/Library/TinyTeX/texmf-dist/tex/generic/pgf/math/pgfmathfunctions.misc.code.tex) (/Users/adjiwanouvisseho/Library/TinyTeX/texmf-dist/tex/generic/pgf/math/pgfmathfunctions.integerarithmetics.code.tex) (/Users/adjiwanouvisseho/Library/TinyTeX/texmf-dist/tex/generic/pgf/math/pgfmathcalc.code.tex) (/Users/adjiwanouvisseho/Library/TinyTeX/texmf-dist/tex/generic/pgf/math/pgfmathfloat.code.tex
\c@pgfmathroundto@lastzeros=\count285
))) (/Users/adjiwanouvisseho/Library/TinyTeX/texmf-dist/tex/latex/base/size11.clo
File: size11.clo 2023/05/17 v1.4n Standard LaTeX file (size option)
) (/Users/adjiwanouvisseho/Library/TinyTeX/texmf-dist/tex/latex/pgf/basiclayer/pgfcore.sty (/Users/adjiwanouvisseho/Library/TinyTeX/texmf-dist/tex/latex/graphics/graphicx.sty
Package: graphicx 2021/09/16 v1.2d Enhanced LaTeX Graphics (DPC,SPQR)
(/Users/adjiwanouvisseho/Library/TinyTeX/texmf-dist/tex/latex/graphics/graphics.sty
Package: graphics 2022/03/10 v1.4e Standard LaTeX Graphics (DPC,SPQR)
(/Users/adjiwanouvisseho/Library/TinyTeX/texmf-dist/tex/latex/graphics/trig.sty
Package: trig 2021/08/11 v1.11 sin cos tan (DPC)
) (/Users/adjiwanouvisseho/Library/TinyTeX/texmf-dist/tex/latex/graphics-cfg/graphics.cfg
File: graphics.cfg 2016/06/04 v1.11 sample graphics configuration
)
Package graphics Info: Driver file: pdftex.def on input line 107.
(/Users/adjiwanouvisseho/Library/TinyTeX/texmf-dist/tex/latex/graphics-def/pdftex.def
File: pdftex.def 2022/09/22 v1.2b Graphics/color driver for pdftex
))
\Gin@req@height=\dimen175
\Gin@req@width=\dimen176
) (/Users/adjiwanouvisseho/Library/TinyTeX/texmf-dist/tex/latex/pgf/systemlayer/pgfsys.sty (/Users/adjiwanouvisseho/Library/TinyTeX/texmf-dist/tex/generic/pgf/systemlayer/pgfsys.code.tex
Package: pgfsys 2023-01-15 v3.1.10 (3.1.10)
\pgf@x=\dimen177
\pgf@y=\dimen178
\pgf@xa=\dimen179
\pgf@ya=\dimen180
\pgf@xb=\dimen181
\pgf@yb=\dimen182
\pgf@xc=\dimen183
\pgf@yc=\dimen184
\pgf@xd=\dimen185
\pgf@yd=\dimen186
\w@pgf@writea=\write3
\r@pgf@reada=\read2
\c@pgf@counta=\count286
\c@pgf@countb=\count287
\c@pgf@countc=\count288
\c@pgf@countd=\count289
\t@pgf@toka=\toks26
\t@pgf@tokb=\toks27
\t@pgf@tokc=\toks28
\pgf@sys@id@count=\count290
(/Users/adjiwanouvisseho/Library/TinyTeX/texmf-dist/tex/generic/pgf/systemlayer/pgf.cfg
File: pgf.cfg 2023-01-15 v3.1.10 (3.1.10)
)
Driver file for pgf: pgfsys-pdftex.def
(/Users/adjiwanouvisseho/Library/TinyTeX/texmf-dist/tex/generic/pgf/systemlayer/pgfsys-pdftex.def
File: pgfsys-pdftex.def 2023-01-15 v3.1.10 (3.1.10)
(/Users/adjiwanouvisseho/Library/TinyTeX/texmf-dist/tex/generic/pgf/systemlayer/pgfsys-common-pdf.def
File: pgfsys-common-pdf.def 2023-01-15 v3.1.10 (3.1.10)
))) (/Users/adjiwanouvisseho/Library/TinyTeX/texmf-dist/tex/generic/pgf/systemlayer/pgfsyssoftpath.code.tex
File: pgfsyssoftpath.code.tex 2023-01-15 v3.1.10 (3.1.10)
\pgfsyssoftpath@smallbuffer@items=\count291
\pgfsyssoftpath@bigbuffer@items=\count292
) (/Users/adjiwanouvisseho/Library/TinyTeX/texmf-dist/tex/generic/pgf/systemlayer/pgfsysprotocol.code.tex
File: pgfsysprotocol.code.tex 2023-01-15 v3.1.10 (3.1.10)
)) (/Users/adjiwanouvisseho/Library/TinyTeX/texmf-dist/tex/latex/xcolor/xcolor.sty
Package: xcolor 2022/06/12 v2.14 LaTeX color extensions (UK)
(/Users/adjiwanouvisseho/Library/TinyTeX/texmf-dist/tex/latex/graphics-cfg/color.cfg
File: color.cfg 2016/01/02 v1.6 sample color configuration
)
Package xcolor Info: Driver file: pdftex.def on input line 227.
(/Users/adjiwanouvisseho/Library/TinyTeX/texmf-dist/tex/latex/graphics/mathcolor.ltx)
Package xcolor Info: Model `cmy' substituted by `cmy0' on input line 1353.
Package xcolor Info: Model `hsb' substituted by `rgb' on input line 1357.
Package xcolor Info: Model `RGB' extended on input line 1369.
Package xcolor Info: Model `HTML' substituted by `rgb' on input line 1371.
Package xcolor Info: Model `Hsb' substituted by `hsb' on input line 1372.
Package xcolor Info: Model `tHsb' substituted by `hsb' on input line 1373.
Package xcolor Info: Model `HSB' substituted by `hsb' on input line 1374.
Package xcolor Info: Model `Gray' substituted by `gray' on input line 1375.
Package xcolor Info: Model `wave' substituted by `hsb' on input line 1376.
) (/Users/adjiwanouvisseho/Library/TinyTeX/texmf-dist/tex/generic/pgf/basiclayer/pgfcore.code.tex
Package: pgfcore 2023-01-15 v3.1.10 (3.1.10)
(/Users/adjiwanouvisseho/Library/TinyTeX/texmf-dist/tex/generic/pgf/math/pgfint.code.tex) (/Users/adjiwanouvisseho/Library/TinyTeX/texmf-dist/tex/generic/pgf/basiclayer/pgfcorepoints.code.tex
File: pgfcorepoints.code.tex 2023-01-15 v3.1.10 (3.1.10)
\pgf@picminx=\dimen187
\pgf@picmaxx=\dimen188
\pgf@picminy=\dimen189
\pgf@picmaxy=\dimen190
\pgf@pathminx=\dimen191
\pgf@pathmaxx=\dimen192
\pgf@pathminy=\dimen193
\pgf@pathmaxy=\dimen194
\pgf@xx=\dimen195
\pgf@xy=\dimen196
\pgf@yx=\dimen197
\pgf@yy=\dimen198
\pgf@zx=\dimen199
\pgf@zy=\dimen256
) (/Users/adjiwanouvisseho/Library/TinyTeX/texmf-dist/tex/generic/pgf/basiclayer/pgfcorepathconstruct.code.tex
File: pgfcorepathconstruct.code.tex 2023-01-15 v3.1.10 (3.1.10)
\pgf@path@lastx=\dimen257
\pgf@path@lasty=\dimen258
) (/Users/adjiwanouvisseho/Library/TinyTeX/texmf-dist/tex/generic/pgf/basiclayer/pgfcorepathusage.code.tex
File: pgfcorepathusage.code.tex 2023-01-15 v3.1.10 (3.1.10)
\pgf@shorten@end@additional=\dimen259
\pgf@shorten@start@additional=\dimen260
) (/Users/adjiwanouvisseho/Library/TinyTeX/texmf-dist/tex/generic/pgf/basiclayer/pgfcorescopes.code.tex
File: pgfcorescopes.code.tex 2023-01-15 v3.1.10 (3.1.10)
\pgfpic=\box62
\pgf@hbox=\box63
\pgf@layerbox@main=\box64
\pgf@picture@serial@count=\count293
) (/Users/adjiwanouvisseho/Library/TinyTeX/texmf-dist/tex/generic/pgf/basiclayer/pgfcoregraphicstate.code.tex
File: pgfcoregraphicstate.code.tex 2023-01-15 v3.1.10 (3.1.10)
\pgflinewidth=\dimen261
) (/Users/adjiwanouvisseho/Library/TinyTeX/texmf-dist/tex/generic/pgf/basiclayer/pgfcoretransformations.code.tex
File: pgfcoretransformations.code.tex 2023-01-15 v3.1.10 (3.1.10)
\pgf@pt@x=\dimen262
\pgf@pt@y=\dimen263
\pgf@pt@temp=\dimen264
) (/Users/adjiwanouvisseho/Library/TinyTeX/texmf-dist/tex/generic/pgf/basiclayer/pgfcorequick.code.tex
File: pgfcorequick.code.tex 2023-01-15 v3.1.10 (3.1.10)
) (/Users/adjiwanouvisseho/Library/TinyTeX/texmf-dist/tex/generic/pgf/basiclayer/pgfcoreobjects.code.tex
File: pgfcoreobjects.code.tex 2023-01-15 v3.1.10 (3.1.10)
) (/Users/adjiwanouvisseho/Library/TinyTeX/texmf-dist/tex/generic/pgf/basiclayer/pgfcorepathprocessing.code.tex
File: pgfcorepathprocessing.code.tex 2023-01-15 v3.1.10 (3.1.10)
) (/Users/adjiwanouvisseho/Library/TinyTeX/texmf-dist/tex/generic/pgf/basiclayer/pgfcorearrows.code.tex
File: pgfcorearrows.code.tex 2023-01-15 v3.1.10 (3.1.10)
\pgfarrowsep=\dimen265
) (/Users/adjiwanouvisseho/Library/TinyTeX/texmf-dist/tex/generic/pgf/basiclayer/pgfcoreshade.code.tex
File: pgfcoreshade.code.tex 2023-01-15 v3.1.10 (3.1.10)
\pgf@max=\dimen266
\pgf@sys@shading@range@num=\count294
\pgf@shadingcount=\count295
) (/Users/adjiwanouvisseho/Library/TinyTeX/texmf-dist/tex/generic/pgf/basiclayer/pgfcoreimage.code.tex
File: pgfcoreimage.code.tex 2023-01-15 v3.1.10 (3.1.10)
) (/Users/adjiwanouvisseho/Library/TinyTeX/texmf-dist/tex/generic/pgf/basiclayer/pgfcoreexternal.code.tex
File: pgfcoreexternal.code.tex 2023-01-15 v3.1.10 (3.1.10)
\pgfexternal@startupbox=\box65
) (/Users/adjiwanouvisseho/Library/TinyTeX/texmf-dist/tex/generic/pgf/basiclayer/pgfcorelayers.code.tex
File: pgfcorelayers.code.tex 2023-01-15 v3.1.10 (3.1.10)
) (/Users/adjiwanouvisseho/Library/TinyTeX/texmf-dist/tex/generic/pgf/basiclayer/pgfcoretransparency.code.tex
File: pgfcoretransparency.code.tex 2023-01-15 v3.1.10 (3.1.10)
) (/Users/adjiwanouvisseho/Library/TinyTeX/texmf-dist/tex/generic/pgf/basiclayer/pgfcorepatterns.code.tex
File: pgfcorepatterns.code.tex 2023-01-15 v3.1.10 (3.1.10)
) (/Users/adjiwanouvisseho/Library/TinyTeX/texmf-dist/tex/generic/pgf/basiclayer/pgfcorerdf.code.tex
File: pgfcorerdf.code.tex 2023-01-15 v3.1.10 (3.1.10)
))) (/Users/adjiwanouvisseho/Library/TinyTeX/texmf-dist/tex/latex/pgf/utilities/xxcolor.sty
Package: xxcolor 2003/10/24 ver 0.1
\XC@nummixins=\count296
\XC@countmixins=\count297
) (/Users/adjiwanouvisseho/Library/TinyTeX/texmf-dist/tex/latex/base/atbegshi-ltx.sty
Package: atbegshi-ltx 2021/01/10 v1.0c Emulation of the original atbegshi
package with kernel methods
) (/Users/adjiwanouvisseho/Library/TinyTeX/texmf-dist/tex/latex/hyperref/hyperref.sty
Package: hyperref 2023-07-08 v7.01b Hypertext links for LaTeX
(/Users/adjiwanouvisseho/Library/TinyTeX/texmf-dist/tex/generic/ltxcmds/ltxcmds.sty
Package: ltxcmds 2020-05-10 v1.25 LaTeX kernel commands for general use (HO)
) (/Users/adjiwanouvisseho/Library/TinyTeX/texmf-dist/tex/generic/pdftexcmds/pdftexcmds.sty
Package: pdftexcmds 2020-06-27 v0.33 Utility functions of pdfTeX for LuaTeX (HO)
(/Users/adjiwanouvisseho/Library/TinyTeX/texmf-dist/tex/generic/infwarerr/infwarerr.sty
Package: infwarerr 2019/12/03 v1.5 Providing info/warning/error messages (HO)
)
Package pdftexcmds Info: \pdf@primitive is available.
Package pdftexcmds Info: \pdf@ifprimitive is available.
Package pdftexcmds Info: \pdfdraftmode found.
) (/Users/adjiwanouvisseho/Library/TinyTeX/texmf-dist/tex/latex/kvsetkeys/kvsetkeys.sty
Package: kvsetkeys 2022-10-05 v1.19 Key value parser (HO)
) (/Users/adjiwanouvisseho/Library/TinyTeX/texmf-dist/tex/generic/kvdefinekeys/kvdefinekeys.sty
Package: kvdefinekeys 2019-12-19 v1.6 Define keys (HO)
) (/Users/adjiwanouvisseho/Library/TinyTeX/texmf-dist/tex/generic/pdfescape/pdfescape.sty
Package: pdfescape 2019/12/09 v1.15 Implements pdfTeX's escape features (HO)
) (/Users/adjiwanouvisseho/Library/TinyTeX/texmf-dist/tex/latex/hycolor/hycolor.sty
Package: hycolor 2020-01-27 v1.10 Color options for hyperref/bookmark (HO)
) (/Users/adjiwanouvisseho/Library/TinyTeX/texmf-dist/tex/latex/letltxmacro/letltxmacro.sty
Package: letltxmacro 2019/12/03 v1.6 Let assignment for LaTeX macros (HO)
) (/Users/adjiwanouvisseho/Library/TinyTeX/texmf-dist/tex/latex/auxhook/auxhook.sty
Package: auxhook 2019-12-17 v1.6 Hooks for auxiliary files (HO)
) (/Users/adjiwanouvisseho/Library/TinyTeX/texmf-dist/tex/latex/hyperref/nameref.sty
Package: nameref 2023-08-07 v2.53 Cross-referencing by name of section
(/Users/adjiwanouvisseho/Library/TinyTeX/texmf-dist/tex/latex/refcount/refcount.sty
Package: refcount 2019/12/15 v3.6 Data extraction from label references (HO)
) (/Users/adjiwanouvisseho/Library/TinyTeX/texmf-dist/tex/generic/gettitlestring/gettitlestring.sty
Package: gettitlestring 2019/12/15 v1.6 Cleanup title references (HO)
(/Users/adjiwanouvisseho/Library/TinyTeX/texmf-dist/tex/latex/kvoptions/kvoptions.sty
Package: kvoptions 2022-06-15 v3.15 Key value format for package options (HO)
))
\c@section@level=\count298
)
\@linkdim=\dimen267
\Hy@linkcounter=\count299
\Hy@pagecounter=\count300
(/Users/adjiwanouvisseho/Library/TinyTeX/texmf-dist/tex/latex/hyperref/pd1enc.def
File: pd1enc.def 2023-07-08 v7.01b Hyperref: PDFDocEncoding definition (HO)
Now handling font encoding PD1 ...
... no UTF-8 mapping file for font encoding PD1
) (/Users/adjiwanouvisseho/Library/TinyTeX/texmf-dist/tex/generic/intcalc/intcalc.sty
Package: intcalc 2019/12/15 v1.3 Expandable calculations with integers (HO)
)
\Hy@SavedSpaceFactor=\count301
(/Users/adjiwanouvisseho/Library/TinyTeX/texmf-dist/tex/latex/hyperref/puenc.def
File: puenc.def 2023-07-08 v7.01b Hyperref: PDF Unicode definition (HO)
Now handling font encoding PU ...
... no UTF-8 mapping file for font encoding PU
)
Package hyperref Info: Option `unicode' set `true' on input line 4050.
Package hyperref Info: Option `bookmarks' set `true' on input line 4050.
Package hyperref Info: Option `bookmarksopen' set `true' on input line 4050.
Package hyperref Info: Option `implicit' set `false' on input line 4050.
Package hyperref Info: Hyper figures OFF on input line 4167.
Package hyperref Info: Link nesting OFF on input line 4172.
Package hyperref Info: Hyper index ON on input line 4175.
Package hyperref Info: Plain pages OFF on input line 4182.
Package hyperref Info: Backreferencing OFF on input line 4187.
Package hyperref Info: Implicit mode OFF; no redefinition of LaTeX internals.
Package hyperref Info: Bookmarks ON on input line 4434.
\c@Hy@tempcnt=\count302
(/Users/adjiwanouvisseho/Library/TinyTeX/texmf-dist/tex/latex/url/url.sty
\Urlmuskip=\muskip16
Package: url 2013/09/16  ver 3.4  Verb mode for urls, etc.
)
LaTeX Info: Redefining \url on input line 4772.
\XeTeXLinkMargin=\dimen268
(/Users/adjiwanouvisseho/Library/TinyTeX/texmf-dist/tex/generic/bitset/bitset.sty
Package: bitset 2019/12/09 v1.3 Handle bit-vector datatype (HO)
(/Users/adjiwanouvisseho/Library/TinyTeX/texmf-dist/tex/generic/bigintcalc/bigintcalc.sty
Package: bigintcalc 2019/12/15 v1.5 Expandable calculations on big integers (HO)
))
\Fld@menulength=\count303
\Field@Width=\dimen269
\Fld@charsize=\dimen270
Package hyperref Info: Hyper figures OFF on input line 6051.
Package hyperref Info: Link nesting OFF on input line 6056.
Package hyperref Info: Hyper index ON on input line 6059.
Package hyperref Info: backreferencing OFF on input line 6066.
Package hyperref Info: Link coloring OFF on input line 6071.
Package hyperref Info: Link coloring with OCG OFF on input line 6076.
Package hyperref Info: PDF/A mode OFF on input line 6081.
\Hy@abspage=\count304

Package hyperref Message: Stopped early.

)
Package hyperref Info: Driver (autodetected): hpdftex.
(/Users/adjiwanouvisseho/Library/TinyTeX/texmf-dist/tex/latex/hyperref/hpdftex.def
File: hpdftex.def 2023-07-08 v7.01b Hyperref driver for pdfTeX
(/Users/adjiwanouvisseho/Library/TinyTeX/texmf-dist/tex/latex/base/atveryend-ltx.sty
Package: atveryend-ltx 2020/08/19 v1.0a Emulation of the original atveryend package
with kernel methods
)
\Fld@listcount=\count305
\c@bookmark@seq@number=\count306
(/Users/adjiwanouvisseho/Library/TinyTeX/texmf-dist/tex/latex/rerunfilecheck/rerunfilecheck.sty
Package: rerunfilecheck 2022-07-10 v1.10 Rerun checks for auxiliary files (HO)
(/Users/adjiwanouvisseho/Library/TinyTeX/texmf-dist/tex/generic/uniquecounter/uniquecounter.sty
Package: uniquecounter 2019/12/15 v1.4 Provide unlimited unique counter (HO)
)
Package uniquecounter Info: New unique counter `rerunfilecheck' on input line 285.
)) (/Users/adjiwanouvisseho/Library/TinyTeX/texmf-dist/tex/latex/beamer/beamerbaserequires.sty (/Users/adjiwanouvisseho/Library/TinyTeX/texmf-dist/tex/latex/beamer/beamerbasecompatibility.sty) (/Users/adjiwanouvisseho/Library/TinyTeX/texmf-dist/tex/latex/beamer/beamerbasefont.sty (/Users/adjiwanouvisseho/Library/TinyTeX/texmf-dist/tex/latex/amsfonts/amssymb.sty
Package: amssymb 2013/01/14 v3.01 AMS font symbols
(/Users/adjiwanouvisseho/Library/TinyTeX/texmf-dist/tex/latex/amsfonts/amsfonts.sty
Package: amsfonts 2013/01/14 v3.01 Basic AMSFonts support
\@emptytoks=\toks29
\symAMSa=\mathgroup4
\symAMSb=\mathgroup5
LaTeX Font Info:    Redeclaring math symbol \hbar on input line 98.
LaTeX Font Info:    Overwriting math alphabet `\mathfrak' in version `bold'
(Font)                  U/euf/m/n --> U/euf/b/n on input line 106.
))) (/Users/adjiwanouvisseho/Library/TinyTeX/texmf-dist/tex/latex/beamer/beamerbasetranslator.sty (/Users/adjiwanouvisseho/Library/TinyTeX/texmf-dist/tex/latex/translator/translator.sty
Package: translator 2021-05-31 v1.12d Easy translation of strings in LaTeX
)) (/Users/adjiwanouvisseho/Library/TinyTeX/texmf-dist/tex/latex/beamer/beamerbasemisc.sty) (/Users/adjiwanouvisseho/Library/TinyTeX/texmf-dist/tex/latex/beamer/beamerbasetwoscreens.sty) (/Users/adjiwanouvisseho/Library/TinyTeX/texmf-dist/tex/latex/beamer/beamerbaseoverlay.sty
\beamer@argscount=\count307
\beamer@lastskipcover=\skip51
\beamer@trivlistdepth=\count308
) (/Users/adjiwanouvisseho/Library/TinyTeX/texmf-dist/tex/latex/beamer/beamerbasetitle.sty) (/Users/adjiwanouvisseho/Library/TinyTeX/texmf-dist/tex/latex/beamer/beamerbasesection.sty
\c@lecture=\count309
\c@part=\count310
\c@section=\count311
\c@subsection=\count312
\c@subsubsection=\count313
) (/Users/adjiwanouvisseho/Library/TinyTeX/texmf-dist/tex/latex/beamer/beamerbaseframe.sty
\beamer@framebox=\box66
\beamer@frametitlebox=\box67
\beamer@zoombox=\box68
\beamer@zoomcount=\count314
\beamer@zoomframecount=\count315
\beamer@frametextheight=\dimen271
\c@subsectionslide=\count316
\beamer@frametopskip=\skip52
\beamer@framebottomskip=\skip53
\beamer@frametopskipautobreak=\skip54
\beamer@framebottomskipautobreak=\skip55
\beamer@envbody=\toks30
\framewidth=\dimen272
\c@framenumber=\count317
) (/Users/adjiwanouvisseho/Library/TinyTeX/texmf-dist/tex/latex/beamer/beamerbaseverbatim.sty
\beamer@verbatimfileout=\write4
) (/Users/adjiwanouvisseho/Library/TinyTeX/texmf-dist/tex/latex/beamer/beamerbaseframesize.sty
\beamer@splitbox=\box69
\beamer@autobreakcount=\count318
\beamer@autobreaklastheight=\dimen273
\beamer@frametitletoks=\toks31
\beamer@framesubtitletoks=\toks32
) (/Users/adjiwanouvisseho/Library/TinyTeX/texmf-dist/tex/latex/beamer/beamerbaseframecomponents.sty
\beamer@footins=\box70
) (/Users/adjiwanouvisseho/Library/TinyTeX/texmf-dist/tex/latex/beamer/beamerbasecolor.sty) (/Users/adjiwanouvisseho/Library/TinyTeX/texmf-dist/tex/latex/beamer/beamerbasenotes.sty
\beamer@frameboxcopy=\box71
) (/Users/adjiwanouvisseho/Library/TinyTeX/texmf-dist/tex/latex/beamer/beamerbasetoc.sty) (/Users/adjiwanouvisseho/Library/TinyTeX/texmf-dist/tex/latex/beamer/beamerbasetemplates.sty
\beamer@sbttoks=\toks33
(/Users/adjiwanouvisseho/Library/TinyTeX/texmf-dist/tex/latex/beamer/beamerbaseauxtemplates.sty (/Users/adjiwanouvisseho/Library/TinyTeX/texmf-dist/tex/latex/beamer/beamerbaseboxes.sty
\bmb@box=\box72
\bmb@colorbox=\box73
\bmb@boxwidth=\dimen274
\bmb@boxheight=\dimen275
\bmb@prevheight=\dimen276
\bmb@temp=\dimen277
\bmb@dima=\dimen278
\bmb@dimb=\dimen279
\bmb@prevheight=\dimen280
)
\beamer@blockheadheight=\dimen281
)) (/Users/adjiwanouvisseho/Library/TinyTeX/texmf-dist/tex/latex/beamer/beamerbaselocalstructure.sty (/Users/adjiwanouvisseho/Library/TinyTeX/texmf-dist/tex/latex/tools/enumerate.sty
Package: enumerate 2015/07/23 v3.00 enumerate extensions (DPC)
\@enLab=\toks34
)
\beamer@bibiconwidth=\skip56
\c@figure=\count319
\c@table=\count320
\abovecaptionskip=\skip57
\belowcaptionskip=\skip58
) (/Users/adjiwanouvisseho/Library/TinyTeX/texmf-dist/tex/latex/beamer/beamerbasenavigation.sty (/Users/adjiwanouvisseho/Library/TinyTeX/texmf-dist/tex/latex/beamer/beamerbasenavigationsymbols.tex)
\beamer@section@min@dim=\dimen282
) (/Users/adjiwanouvisseho/Library/TinyTeX/texmf-dist/tex/latex/beamer/beamerbasetheorems.sty (/Users/adjiwanouvisseho/Library/TinyTeX/texmf-dist/tex/latex/amsmath/amsmath.sty
Package: amsmath 2023/05/13 v2.17o AMS math features
\@mathmargin=\skip59
For additional information on amsmath, use the `?' option.
(/Users/adjiwanouvisseho/Library/TinyTeX/texmf-dist/tex/latex/amsmath/amstext.sty
Package: amstext 2021/08/26 v2.01 AMS text
(/Users/adjiwanouvisseho/Library/TinyTeX/texmf-dist/tex/latex/amsmath/amsgen.sty
File: amsgen.sty 1999/11/30 v2.0 generic functions
\@emptytoks=\toks35
\ex@=\dimen283
)) (/Users/adjiwanouvisseho/Library/TinyTeX/texmf-dist/tex/latex/amsmath/amsbsy.sty
Package: amsbsy 1999/11/29 v1.2d Bold Symbols
\pmbraise@=\dimen284
) (/Users/adjiwanouvisseho/Library/TinyTeX/texmf-dist/tex/latex/amsmath/amsopn.sty
Package: amsopn 2022/04/08 v2.04 operator names
)
\inf@bad=\count321
LaTeX Info: Redefining \frac on input line 234.
\uproot@=\count322
\leftroot@=\count323
LaTeX Info: Redefining \overline on input line 399.
LaTeX Info: Redefining \colon on input line 410.
\classnum@=\count324
\DOTSCASE@=\count325
LaTeX Info: Redefining \ldots on input line 496.
LaTeX Info: Redefining \dots on input line 499.
LaTeX Info: Redefining \cdots on input line 620.
\Mathstrutbox@=\box74
\strutbox@=\box75
LaTeX Info: Redefining \big on input line 722.
LaTeX Info: Redefining \Big on input line 723.
LaTeX Info: Redefining \bigg on input line 724.
LaTeX Info: Redefining \Bigg on input line 725.
\big@size=\dimen285
LaTeX Font Info:    Redeclaring font encoding OML on input line 743.
LaTeX Font Info:    Redeclaring font encoding OMS on input line 744.
\macc@depth=\count326
LaTeX Info: Redefining \bmod on input line 905.
LaTeX Info: Redefining \pmod on input line 910.
LaTeX Info: Redefining \smash on input line 940.
LaTeX Info: Redefining \relbar on input line 970.
LaTeX Info: Redefining \Relbar on input line 971.
\c@MaxMatrixCols=\count327
\dotsspace@=\muskip17
\c@parentequation=\count328
\dspbrk@lvl=\count329
\tag@help=\toks36
\row@=\count330
\column@=\count331
\maxfields@=\count332
\andhelp@=\toks37
\eqnshift@=\dimen286
\alignsep@=\dimen287
\tagshift@=\dimen288
\tagwidth@=\dimen289
\totwidth@=\dimen290
\lineht@=\dimen291
\@envbody=\toks38
\multlinegap=\skip60
\multlinetaggap=\skip61
\mathdisplay@stack=\toks39
LaTeX Info: Redefining \[ on input line 2953.
LaTeX Info: Redefining \] on input line 2954.
) (/Users/adjiwanouvisseho/Library/TinyTeX/texmf-dist/tex/latex/amscls/amsthm.sty
Package: amsthm 2020/05/29 v2.20.6
\thm@style=\toks40
\thm@bodyfont=\toks41
\thm@headfont=\toks42
\thm@notefont=\toks43
\thm@headpunct=\toks44
\thm@preskip=\skip62
\thm@postskip=\skip63
\thm@headsep=\skip64
\dth@everypar=\toks45
)
\c@theorem=\count333
) (/Users/adjiwanouvisseho/Library/TinyTeX/texmf-dist/tex/latex/beamer/beamerbasethemes.sty)) (/Users/adjiwanouvisseho/Library/TinyTeX/texmf-dist/tex/latex/beamer/beamerthemedefault.sty (/Users/adjiwanouvisseho/Library/TinyTeX/texmf-dist/tex/latex/beamer/beamerfontthemedefault.sty) (/Users/adjiwanouvisseho/Library/TinyTeX/texmf-dist/tex/latex/beamer/beamercolorthemedefault.sty) (/Users/adjiwanouvisseho/Library/TinyTeX/texmf-dist/tex/latex/beamer/beamerinnerthemedefault.sty
\beamer@dima=\dimen292
\beamer@dimb=\dimen293
) (/Users/adjiwanouvisseho/Library/TinyTeX/texmf-dist/tex/latex/beamer/beamerouterthemedefault.sty))) (/Users/adjiwanouvisseho/Library/TinyTeX/texmf-dist/tex/latex/pgf/utilities/pgfpages.sty
Package: pgfpages 2011/01/05 ver 0.02
(/Users/adjiwanouvisseho/Library/TinyTeX/texmf-dist/tex/latex/tools/calc.sty
Package: calc 2017/05/25 v4.3 Infix arithmetic (KKT,FJ)
\calc@Acount=\count334
\calc@Bcount=\count335
\calc@Adimen=\dimen294
\calc@Bdimen=\dimen295
\calc@Askip=\skip65
\calc@Bskip=\skip66
LaTeX Info: Redefining \setlength on input line 80.
LaTeX Info: Redefining \addtolength on input line 81.
\calc@Ccount=\count336
\calc@Cskip=\skip67
)
\pgf@logicalpages=\count337
\pgf@firstshipout=\count338
\pgf@lastshipout=\count339
\pgf@currentshipout=\count340
\pgf@cpn=\count341
\pgf@shipoutnextto=\count342
\pgfphysicalheight=\dimen296
\pgfphysicalwidth=\dimen297
\pgfpages@shipoutbox=\box76
) (/Users/adjiwanouvisseho/Library/TinyTeX/texmf-dist/tex/latex/base/fontenc.sty
Package: fontenc 2021/04/29 v2.0v Standard LaTeX package
) (/Users/adjiwanouvisseho/Library/TinyTeX/texmf-dist/tex/latex/base/inputenc.sty
Package: inputenc 2021/02/14 v1.3d Input encoding file
\inpenc@prehook=\toks46
\inpenc@posthook=\toks47
) (/Users/adjiwanouvisseho/Library/TinyTeX/texmf-dist/tex/latex/base/textcomp.sty
Package: textcomp 2020/02/02 v2.0n Standard LaTeX package
) (/Users/adjiwanouvisseho/Library/TinyTeX/texmf-dist/tex/latex/lm/lmodern.sty
Package: lmodern 2015/05/01 v1.6.1 Latin Modern Fonts
LaTeX Font Info:    Overwriting symbol font `operators' in version `normal'
(Font)                  OT1/cmr/m/n --> OT1/lmr/m/n on input line 22.
LaTeX Font Info:    Overwriting symbol font `letters' in version `normal'
(Font)                  OML/cmm/m/it --> OML/lmm/m/it on input line 23.
LaTeX Font Info:    Overwriting symbol font `symbols' in version `normal'
(Font)                  OMS/cmsy/m/n --> OMS/lmsy/m/n on input line 24.
LaTeX Font Info:    Overwriting symbol font `largesymbols' in version `normal'
(Font)                  OMX/cmex/m/n --> OMX/lmex/m/n on input line 25.
LaTeX Font Info:    Overwriting symbol font `operators' in version `bold'
(Font)                  OT1/cmr/bx/n --> OT1/lmr/bx/n on input line 26.
LaTeX Font Info:    Overwriting symbol font `letters' in version `bold'
(Font)                  OML/cmm/b/it --> OML/lmm/b/it on input line 27.
LaTeX Font Info:    Overwriting symbol font `symbols' in version `bold'
(Font)                  OMS/cmsy/b/n --> OMS/lmsy/b/n on input line 28.
LaTeX Font Info:    Overwriting symbol font `largesymbols' in version `bold'
(Font)                  OMX/cmex/m/n --> OMX/lmex/m/n on input line 29.
LaTeX Font Info:    Overwriting math alphabet `\mathbf' in version `normal'
(Font)                  OT1/cmr/bx/n --> OT1/lmr/bx/n on input line 31.
LaTeX Font Info:    Overwriting math alphabet `\mathsf' in version `normal'
(Font)                  OT1/cmss/m/n --> OT1/lmss/m/n on input line 32.
LaTeX Font Info:    Overwriting math alphabet `\mathit' in version `normal'
(Font)                  OT1/cmr/m/it --> OT1/lmr/m/it on input line 33.
LaTeX Font Info:    Overwriting math alphabet `\mathtt' in version `normal'
(Font)                  OT1/cmtt/m/n --> OT1/lmtt/m/n on input line 34.
LaTeX Font Info:    Overwriting math alphabet `\mathbf' in version `bold'
(Font)                  OT1/cmr/bx/n --> OT1/lmr/bx/n on input line 35.
LaTeX Font Info:    Overwriting math alphabet `\mathsf' in version `bold'
(Font)                  OT1/cmss/bx/n --> OT1/lmss/bx/n on input line 36.
LaTeX Font Info:    Overwriting math alphabet `\mathit' in version `bold'
(Font)                  OT1/cmr/bx/it --> OT1/lmr/bx/it on input line 37.
LaTeX Font Info:    Overwriting math alphabet `\mathtt' in version `bold'
(Font)                  OT1/cmtt/m/n --> OT1/lmtt/m/n on input line 38.
) (/Users/adjiwanouvisseho/Library/TinyTeX/texmf-dist/tex/latex/beamer/beamerthemeAnnArbor.sty (/Users/adjiwanouvisseho/Library/TinyTeX/texmf-dist/tex/latex/beamer/beamerinnerthemerounded.sty) (/Users/adjiwanouvisseho/Library/TinyTeX/texmf-dist/tex/latex/beamer/beamerouterthemeinfolines.sty) (/Users/adjiwanouvisseho/Library/TinyTeX/texmf-dist/tex/latex/beamer/beamercolorthemewolverine.sty)) (/Users/adjiwanouvisseho/Library/TinyTeX/texmf-dist/tex/latex/beamer/beamercolorthemebeaver.sty) (/Users/adjiwanouvisseho/Library/TinyTeX/texmf-dist/tex/latex/beamer/beamerfontthemestructurebold.sty) (/Users/adjiwanouvisseho/Library/TinyTeX/texmf-dist/tex/latex/tools/longtable.sty
Package: longtable 2021-09-01 v4.17 Multi-page Table package (DPC)
\LTleft=\skip68
\LTright=\skip69
\LTpre=\skip70
\LTpost=\skip71
\LTchunksize=\count343
\LTcapwidth=\dimen298
\LT@head=\box77
\LT@firsthead=\box78
\LT@foot=\box79
\LT@lastfoot=\box80
\LT@gbox=\box81
\LT@cols=\count344
\LT@rows=\count345
\c@LT@tables=\count346
\c@LT@chunks=\count347
\LT@p@ftn=\toks48
) (/Users/adjiwanouvisseho/Library/TinyTeX/texmf-dist/tex/latex/booktabs/booktabs.sty
Package: booktabs 2020/01/12 v1.61803398 Publication quality tables
\heavyrulewidth=\dimen299
\lightrulewidth=\dimen300
\cmidrulewidth=\dimen301
\belowrulesep=\dimen302
\belowbottomsep=\dimen303
\aboverulesep=\dimen304
\abovetopsep=\dimen305
\cmidrulesep=\dimen306
\cmidrulekern=\dimen307
\defaultaddspace=\dimen308
\@cmidla=\count348
\@cmidlb=\count349
\@aboverulesep=\dimen309
\@belowrulesep=\dimen310
\@thisruleclass=\count350
\@lastruleclass=\count351
\@thisrulewidth=\dimen311
) (/Users/adjiwanouvisseho/Library/TinyTeX/texmf-dist/tex/latex/tools/array.sty
Package: array 2022/09/04 v2.5g Tabular extension package (FMi)
\col@sep=\dimen312
\ar@mcellbox=\box82
\extrarowheight=\dimen313
\NC@list=\toks49
\extratabsurround=\skip72
\backup@length=\skip73
\ar@cellbox=\box83
) (/Users/adjiwanouvisseho/Library/TinyTeX/texmf-dist/tex/latex/caption/caption.sty
Package: caption 2023/08/05 v3.6o Customizing captions (AR)
(/Users/adjiwanouvisseho/Library/TinyTeX/texmf-dist/tex/latex/caption/caption3.sty
Package: caption3 2023/07/31 v2.4d caption3 kernel (AR)
\caption@tempdima=\dimen314
\captionmargin=\dimen315
\caption@leftmargin=\dimen316
\caption@rightmargin=\dimen317
\caption@width=\dimen318
\caption@indent=\dimen319
\caption@parindent=\dimen320
\caption@hangindent=\dimen321
Package caption Info: beamer document class detected.
(/Users/adjiwanouvisseho/Library/TinyTeX/texmf-dist/tex/latex/caption/caption-beamer.sto
File: caption-beamer.sto 2022/01/06 v2.0c Adaption of the caption package to the beamer document classes (AR)
))
\c@caption@flags=\count352
\c@continuedfloat=\count353
Package caption Info: hyperref package is loaded.
Package caption Info: Hyperref support is turned off
(caption)             because hyperref has stopped early.
Package caption Info: longtable package is loaded.
(/Users/adjiwanouvisseho/Library/TinyTeX/texmf-dist/tex/latex/caption/ltcaption.sty
Package: ltcaption 2021/01/08 v1.4c longtable captions (AR)
))
LaTeX Font Info:    Trying to load font information for T1+lmss on input line 123.
(/Users/adjiwanouvisseho/Library/TinyTeX/texmf-dist/tex/latex/lm/t1lmss.fd
File: t1lmss.fd 2015/05/01 v1.6.1 Font defs for Latin Modern
) (/Users/adjiwanouvisseho/Library/TinyTeX/texmf-dist/tex/latex/l3backend/l3backend-pdftex.def
File: l3backend-pdftex.def 2023-10-10 L3 backend support: PDF output (pdfTeX)
\l__color_backend_stack_int=\count354
\l__pdf_internal_box=\box84
) (./SOC1060_S6_La_vie_en_couple_Fecondite.aux)
\openout1 = `SOC1060_S6_La_vie_en_couple_Fecondite.aux'.

LaTeX Font Info:    Checking defaults for OML/cmm/m/it on input line 123.
LaTeX Font Info:    ... okay on input line 123.
LaTeX Font Info:    Checking defaults for OMS/cmsy/m/n on input line 123.
LaTeX Font Info:    ... okay on input line 123.
LaTeX Font Info:    Checking defaults for OT1/cmr/m/n on input line 123.
LaTeX Font Info:    ... okay on input line 123.
LaTeX Font Info:    Checking defaults for T1/cmr/m/n on input line 123.
LaTeX Font Info:    ... okay on input line 123.
LaTeX Font Info:    Checking defaults for TS1/cmr/m/n on input line 123.
LaTeX Font Info:    ... okay on input line 123.
LaTeX Font Info:    Checking defaults for OMX/cmex/m/n on input line 123.
LaTeX Font Info:    ... okay on input line 123.
LaTeX Font Info:    Checking defaults for U/cmr/m/n on input line 123.
LaTeX Font Info:    ... okay on input line 123.
LaTeX Font Info:    Checking defaults for PD1/pdf/m/n on input line 123.
LaTeX Font Info:    ... okay on input line 123.
LaTeX Font Info:    Checking defaults for PU/pdf/m/n on input line 123.
LaTeX Font Info:    ... okay on input line 123.
*geometry* driver: auto-detecting
*geometry* detected driver: pdftex
*geometry* verbose mode - [ preamble ] result:
* driver: pdftex
* paper: custom
* layout: <same size as paper>
* layoutoffset:(h,v)=(0.0pt,0.0pt)
* modes: includehead includefoot 
* h-part:(L,W,R)=(10.88002pt, 342.43532pt, 10.88002pt)
* v-part:(T,H,B)=(0.0pt, 273.14662pt, 0.0pt)
* \paperwidth=364.19536pt
* \paperheight=273.14662pt
* \textwidth=342.43532pt
* \textheight=244.6939pt
* \oddsidemargin=-61.38997pt
* \evensidemargin=-61.38997pt
* \topmargin=-72.26999pt
* \headheight=14.22636pt
* \headsep=0.0pt
* \topskip=11.0pt
* \footskip=14.22636pt
* \marginparwidth=4.0pt
* \marginparsep=10.0pt
* \columnsep=10.0pt
* \skip\footins=10.0pt plus 4.0pt minus 2.0pt
* \hoffset=0.0pt
* \voffset=0.0pt
* \mag=1000
* \@twocolumnfalse
* \@twosidefalse
* \@mparswitchfalse
* \@reversemarginfalse
* (1in=72.27pt=25.4mm, 1cm=28.453pt)

(/Users/adjiwanouvisseho/Library/TinyTeX/texmf-dist/tex/latex/epstopdf-pkg/epstopdf-base.sty
Package: epstopdf-base 2020-01-24 v2.11 Base part for package epstopdf
Package epstopdf-base Info: Redefining graphics rule for `.eps' on input line 485.
(/Users/adjiwanouvisseho/Library/TinyTeX/texmf-dist/tex/latex/latexconfig/epstopdf-sys.cfg
File: epstopdf-sys.cfg 2010/07/13 v1.3 Configuration of (r)epstopdf for TeX Live
))
Package hyperref Info: Link coloring OFF on input line 123.
(./SOC1060_S6_La_vie_en_couple_Fecondite.out) (./SOC1060_S6_La_vie_en_couple_Fecondite.out)
\@outlinefile=\write5
\openout5 = `SOC1060_S6_La_vie_en_couple_Fecondite.out'.

LaTeX Font Info:    Overwriting symbol font `operators' in version `normal'
(Font)                  OT1/lmr/m/n --> OT1/cmss/m/n on input line 123.
LaTeX Font Info:    Overwriting symbol font `operators' in version `bold'
(Font)                  OT1/lmr/bx/n --> OT1/cmss/b/n on input line 123.
LaTeX Font Info:    Overwriting symbol font `operators' in version `normal'
(Font)                  OT1/cmss/m/n --> OT1/lmss/m/n on input line 123.
LaTeX Font Info:    Overwriting symbol font `operators' in version `bold'
(Font)                  OT1/cmss/b/n --> OT1/lmss/b/n on input line 123.
\symnumbers=\mathgroup6
\sympureletters=\mathgroup7
LaTeX Font Info:    Overwriting math alphabet `\mathrm' in version `normal'
(Font)                  OT1/lmss/m/n --> T1/lmr/m/n on input line 123.
LaTeX Font Info:    Redeclaring math alphabet \mathbf on input line 123.
LaTeX Font Info:    Overwriting math alphabet `\mathbf' in version `normal'
(Font)                  OT1/lmr/bx/n --> T1/lmss/b/n on input line 123.
LaTeX Font Info:    Overwriting math alphabet `\mathbf' in version `bold'
(Font)                  OT1/lmr/bx/n --> T1/lmss/b/n on input line 123.
LaTeX Font Info:    Redeclaring math alphabet \mathsf on input line 123.
LaTeX Font Info:    Overwriting math alphabet `\mathsf' in version `normal'
(Font)                  OT1/lmss/m/n --> T1/lmss/m/n on input line 123.
LaTeX Font Info:    Overwriting math alphabet `\mathsf' in version `bold'
(Font)                  OT1/lmss/bx/n --> T1/lmss/m/n on input line 123.
LaTeX Font Info:    Redeclaring math alphabet \mathit on input line 123.
LaTeX Font Info:    Overwriting math alphabet `\mathit' in version `normal'
(Font)                  OT1/lmr/m/it --> T1/lmss/m/it on input line 123.
LaTeX Font Info:    Overwriting math alphabet `\mathit' in version `bold'
(Font)                  OT1/lmr/bx/it --> T1/lmss/m/it on input line 123.
LaTeX Font Info:    Redeclaring math alphabet \mathtt on input line 123.
LaTeX Font Info:    Overwriting math alphabet `\mathtt' in version `normal'
(Font)                  OT1/lmtt/m/n --> T1/lmtt/m/n on input line 123.
LaTeX Font Info:    Overwriting math alphabet `\mathtt' in version `bold'
(Font)                  OT1/lmtt/m/n --> T1/lmtt/m/n on input line 123.
LaTeX Font Info:    Overwriting symbol font `numbers' in version `bold'
(Font)                  T1/lmss/m/n --> T1/lmss/b/n on input line 123.
LaTeX Font Info:    Overwriting symbol font `pureletters' in version `bold'
(Font)                  T1/lmss/m/it --> T1/lmss/b/it on input line 123.
LaTeX Font Info:    Overwriting math alphabet `\mathrm' in version `bold'
(Font)                  OT1/lmss/b/n --> T1/lmr/b/n on input line 123.
LaTeX Font Info:    Overwriting math alphabet `\mathbf' in version `bold'
(Font)                  T1/lmss/b/n --> T1/lmss/b/n on input line 123.
LaTeX Font Info:    Overwriting math alphabet `\mathsf' in version `bold'
(Font)                  T1/lmss/m/n --> T1/lmss/b/n on input line 123.
LaTeX Font Info:    Overwriting math alphabet `\mathit' in version `bold'
(Font)                  T1/lmss/m/it --> T1/lmss/b/it on input line 123.
LaTeX Font Info:    Overwriting math alphabet `\mathtt' in version `bold'
(Font)                  T1/lmtt/m/n --> T1/lmtt/b/n on input line 123.
(/Users/adjiwanouvisseho/Library/TinyTeX/texmf-dist/tex/latex/translator/translator-basic-dictionary-English.dict
Dictionary: translator-basic-dictionary, Language: English 
) (/Users/adjiwanouvisseho/Library/TinyTeX/texmf-dist/tex/latex/translator/translator-bibliography-dictionary-English.dict
Dictionary: translator-bibliography-dictionary, Language: English 
) (/Users/adjiwanouvisseho/Library/TinyTeX/texmf-dist/tex/latex/translator/translator-environment-dictionary-English.dict
Dictionary: translator-environment-dictionary, Language: English 
) (/Users/adjiwanouvisseho/Library/TinyTeX/texmf-dist/tex/latex/translator/translator-months-dictionary-English.dict
Dictionary: translator-months-dictionary, Language: English 
) (/Users/adjiwanouvisseho/Library/TinyTeX/texmf-dist/tex/latex/translator/translator-numbers-dictionary-English.dict
Dictionary: translator-numbers-dictionary, Language: English 
) (/Users/adjiwanouvisseho/Library/TinyTeX/texmf-dist/tex/latex/translator/translator-theorem-dictionary-English.dict
Dictionary: translator-theorem-dictionary, Language: English 
)
Package caption Info: Begin \AtBeginDocument code.
Package caption Info: End \AtBeginDocument code.
(./SOC1060_S6_La_vie_en_couple_Fecondite.nav)
Overfull \hbox (33.82268pt too wide) in paragraph at lines 123--123
 [][][][]  
 []


Overfull \hbox (33.82268pt too wide) in paragraph at lines 124--124
 [][][][]  
 []


Overfull \hbox (33.82268pt too wide) has occurred while \output is active
 [][][][]  
 []

[1

{/Users/adjiwanouvisseho/Library/TinyTeX/texmf-var/fonts/map/pdftex/updmap/pdftex.map}{/Users/adjiwanouvisseho/Library/TinyTeX/texmf-dist/fonts/enc/dvips/lm/lm-ec.enc}]
Overfull \hbox (33.82268pt too wide) in paragraph at lines 147--147
 [][][][]  
 []


Overfull \hbox (33.82268pt too wide) has occurred while \output is active
 [][][][]  
 []

[2

]
Overfull \hbox (33.82268pt too wide) in paragraph at lines 188--188
 [][][][]  
 []


Overfull \hbox (33.82268pt too wide) has occurred while \output is active
 [][][][]  
 []

[3

]
Overfull \hbox (33.82268pt too wide) in paragraph at lines 191--191
 [][][][]  
 []


Overfull \hbox (33.82268pt too wide) has occurred while \output is active
 [][][][]  
 []

[4

]
Overfull \hbox (33.82268pt too wide) in paragraph at lines 225--225
 [][][][]  
 []


Overfull \hbox (33.82268pt too wide) has occurred while \output is active
 [][][][]  
 []

[5

]
Overfull \hbox (33.82268pt too wide) in paragraph at lines 251--251
 [][][][]  
 []


Overfull \hbox (33.82268pt too wide) has occurred while \output is active
 [][][][]  
 []

[6

]
Overfull \hbox (33.82268pt too wide) in paragraph at lines 269--269
 [][][][]  
 []


Overfull \hbox (33.82268pt too wide) has occurred while \output is active
 [][][][]  
 []

[7

]
Overfull \hbox (33.82268pt too wide) in paragraph at lines 296--296
 [][][][]  
 []


Overfull \hbox (33.82268pt too wide) has occurred while \output is active
 [][][][]  
 []

[8

]
Overfull \hbox (33.82268pt too wide) in paragraph at lines 323--323
 [][][][]  
 []


Overfull \hbox (33.82268pt too wide) has occurred while \output is active
 [][][][]  
 []

[9

]
Overfull \hbox (33.82268pt too wide) in paragraph at lines 336--336
 [][][][]  
 []


Overfull \hbox (33.82268pt too wide) has occurred while \output is active
 [][][][]  
 []

[10

]
Overfull \hbox (33.82268pt too wide) in paragraph at lines 356--356
 [][][][]  
 []


Overfull \hbox (33.82268pt too wide) has occurred while \output is active
 [][][][]  
 []

[11

]
pdfTeX warning (ext4): destination with the same identifier (name{mesures}) has been already used, duplicate ignored
<to be read again> 
                   \relax 
l.356 \end{frame}
                 
Overfull \hbox (33.82268pt too wide) has occurred while \output is active
 [][][][]  
 []

[12

]
Overfull \hbox (33.82268pt too wide) in paragraph at lines 397--397
 [][][][]  
 []


Overfull \hbox (33.82268pt too wide) has occurred while \output is active
 [][][][]  
 []

[13

]
Overfull \hbox (33.82268pt too wide) in paragraph at lines 416--416
 [][][][]  
 []


Overfull \hbox (33.82268pt too wide) has occurred while \output is active
 [][][][]  
 []

[14

]
pdfTeX warning (ext4): destination with the same identifier (name{mesures-2}) has been already used, duplicate ignored
<to be read again> 
                   \relax 
l.416 \end{frame}
                 
Overfull \hbox (33.82268pt too wide) has occurred while \output is active
 [][][][]  
 []

[15

]
Overfull \hbox (33.82268pt too wide) in paragraph at lines 434--434
 [][][][]  
 []

LaTeX Font Info:    Trying to load font information for OT1+lmss on input line 434.
(/Users/adjiwanouvisseho/Library/TinyTeX/texmf-dist/tex/latex/lm/ot1lmss.fd
File: ot1lmss.fd 2015/05/01 v1.6.1 Font defs for Latin Modern
)
LaTeX Font Info:    Trying to load font information for OML+lmm on input line 434.
(/Users/adjiwanouvisseho/Library/TinyTeX/texmf-dist/tex/latex/lm/omllmm.fd
File: omllmm.fd 2015/05/01 v1.6.1 Font defs for Latin Modern
)
LaTeX Font Info:    Trying to load font information for OMS+lmsy on input line 434.
(/Users/adjiwanouvisseho/Library/TinyTeX/texmf-dist/tex/latex/lm/omslmsy.fd
File: omslmsy.fd 2015/05/01 v1.6.1 Font defs for Latin Modern
)
LaTeX Font Info:    Trying to load font information for OMX+lmex on input line 434.
(/Users/adjiwanouvisseho/Library/TinyTeX/texmf-dist/tex/latex/lm/omxlmex.fd
File: omxlmex.fd 2015/05/01 v1.6.1 Font defs for Latin Modern
)
LaTeX Font Info:    External font `lmex10' loaded for size
(Font)              <10.95> on input line 434.
LaTeX Font Info:    External font `lmex10' loaded for size
(Font)              <8> on input line 434.
LaTeX Font Info:    External font `lmex10' loaded for size
(Font)              <6> on input line 434.
LaTeX Font Info:    Trying to load font information for U+msa on input line 434.
(/Users/adjiwanouvisseho/Library/TinyTeX/texmf-dist/tex/latex/amsfonts/umsa.fd
File: umsa.fd 2013/01/14 v3.01 AMS symbols A
)
LaTeX Font Info:    Trying to load font information for U+msb on input line 434.
(/Users/adjiwanouvisseho/Library/TinyTeX/texmf-dist/tex/latex/amsfonts/umsb.fd
File: umsb.fd 2013/01/14 v3.01 AMS symbols B
)
LaTeX Font Info:    Font shape `T1/lmss/m/it' in size <10.95> not available
(Font)              Font shape `T1/lmss/m/sl' tried instead on input line 434.
LaTeX Font Info:    Font shape `T1/lmss/m/it' in size <8> not available
(Font)              Font shape `T1/lmss/m/sl' tried instead on input line 434.
LaTeX Font Info:    Font shape `T1/lmss/m/it' in size <6> not available
(Font)              Font shape `T1/lmss/m/sl' tried instead on input line 434.
LaTeX Font Info:    Trying to load font information for TS1+lmss on input line 434.
(/Users/adjiwanouvisseho/Library/TinyTeX/texmf-dist/tex/latex/lm/ts1lmss.fd
File: ts1lmss.fd 2015/05/01 v1.6.1 Font defs for Latin Modern
)
Overfull \hbox (33.82268pt too wide) has occurred while \output is active
 [][][][]  
 []

[16

{/Users/adjiwanouvisseho/Library/TinyTeX/texmf-dist/fonts/enc/dvips/lm/lm-rm.enc}{/Users/adjiwanouvisseho/Library/TinyTeX/texmf-dist/fonts/enc/dvips/lm/lm-mathsy.enc}{/Users/adjiwanouvisseho/Library/TinyTeX/texmf-dist/fonts/enc/dvips/lm/lm-ts1.enc}]
pdfTeX warning (ext4): destination with the same identifier (name{le-taux-brut-de-natalituxe9}) has been already used, duplicate ignored
<to be read again> 
                   \relax 
l.434 \end{frame}
                 
Overfull \hbox (33.82268pt too wide) has occurred while \output is active
 [][][][]  
 []

[17

]
Overfull \hbox (33.82268pt too wide) in paragraph at lines 453--453
 [][][][]  
 []


Overfull \hbox (33.82268pt too wide) has occurred while \output is active
 [][][][]  
 []

[18

]
pdfTeX warning (ext4): destination with the same identifier (name{le-taux-global-de-fuxe9condituxe9-guxe9nuxe9rale-tgfg}) has been already used, duplicate ignored
<to be read again> 
                   \relax 
l.453 \end{frame}
                 
Overfull \hbox (33.82268pt too wide) has occurred while \output is active
 [][][][]  
 []

[19

]
Overfull \hbox (33.82268pt too wide) in paragraph at lines 473--473
 [][][][]  
 []


Overfull \hbox (33.82268pt too wide) has occurred while \output is active
 [][][][]  
 []

[20

{/Users/adjiwanouvisseho/Library/TinyTeX/texmf-dist/fonts/enc/dvips/lm/lm-mathit.enc}]
Overfull \hbox (33.82268pt too wide) in paragraph at lines 478--478
 [][][][]  
 []

<../Images/tfa_all.png, id=264, 893.3375pt x 683.55376pt>
File: ../Images/tfa_all.png Graphic file (type png)
<use ../Images/tfa_all.png>
Package pdftex.def Info: ../Images/tfa_all.png  used on input line 478.
(pdftex.def)             Requested size: 325.14537pt x 248.79102pt.

Overfull \vbox (31.0036pt too high) detected at line 478
 []


Overfull \hbox (33.82268pt too wide) has occurred while \output is active
 [][][][]  
 []

[21

 <../Images/tfa_all.png>]
Overfull \hbox (33.82268pt too wide) in paragraph at lines 483--483
 [][][][]  
 []

<../Images/tfa.png, id=277, 2107.875pt x 2107.875pt>
File: ../Images/tfa.png Graphic file (type png)
<use ../Images/tfa.png>
Package pdftex.def Info: ../Images/tfa.png  used on input line 483.
(pdftex.def)             Requested size: 248.78499pt x 248.78499pt.

Overfull \vbox (30.99757pt too high) detected at line 483
 []


Overfull \hbox (33.82268pt too wide) has occurred while \output is active
 [][][][]  
 []

[22

 <../Images/tfa.png>]
Overfull \hbox (33.82268pt too wide) in paragraph at lines 501--501
 [][][][]  
 []


Overfull \hbox (33.82268pt too wide) has occurred while \output is active
 [][][][]  
 []

[23

]
pdfTeX warning (ext4): destination with the same identifier (name{lindice-synthuxe9tique-de-fuxe9condituxe9-du-moment}) has been already used, duplicate ignored
<to be read again> 
                   \relax 
l.501 \end{frame}
                 
Overfull \hbox (33.82268pt too wide) has occurred while \output is active
 [][][][]  
 []

[24

]
Overfull \hbox (33.82268pt too wide) in paragraph at lines 526--526
 [][][][]  
 []


Overfull \hbox (33.82268pt too wide) has occurred while \output is active
 [][][][]  
 []

[25

{/Users/adjiwanouvisseho/Library/TinyTeX/texmf-dist/fonts/enc/dvips/lm/lm-mathex.enc}]
pdfTeX warning (ext4): destination with the same identifier (name{lindice-synthuxe9tique-de-fuxe9condituxe9-du-moment-1}) has been already used, duplicate ignored
<to be read again> 
                   \relax 
l.526 \end{frame}
                 
Overfull \hbox (33.82268pt too wide) has occurred while \output is active
 [][][][]  
 []

[26

]
pdfTeX warning (ext4): destination with the same identifier (name{lindice-synthuxe9tique-de-fuxe9condituxe9-du-moment-1}) has been already used, duplicate ignored
<to be read again> 
                   \relax 
l.526 \end{frame}
                 
Overfull \hbox (33.82268pt too wide) has occurred while \output is active
 [][][][]  
 []

[27

]
Overfull \hbox (33.82268pt too wide) in paragraph at lines 548--548
 [][][][]  
 []


Overfull \hbox (33.82268pt too wide) has occurred while \output is active
 [][][][]  
 []

[28

]
Overfull \hbox (33.82268pt too wide) in paragraph at lines 560--560
 [][][][]  
 []

<../Images/s4.3.png, id=343, 409.53pt x 384.43625pt>
File: ../Images/s4.3.png Graphic file (type png)
<use ../Images/s4.3.png>
Package pdftex.def Info: ../Images/s4.3.png  used on input line 560.
(pdftex.def)             Requested size: 265.04153pt x 248.80124pt.

Overfull \vbox (66.95132pt too high) detected at line 560
 []


Overfull \hbox (33.82268pt too wide) has occurred while \output is active
 [][][][]  
 []

[29

 <../Images/s4.3.png>]
Overfull \hbox (33.82268pt too wide) in paragraph at lines 573--573
 [][][][]  
 []

<../Images/s4.4.png, id=355, 385.44pt x 381.425pt>
File: ../Images/s4.4.png Graphic file (type png)
<use ../Images/s4.4.png>
Package pdftex.def Info: ../Images/s4.4.png  used on input line 573.
(pdftex.def)             Requested size: 251.41522pt x 248.79631pt.

Overfull \vbox (80.5464pt too high) detected at line 573
 []


Overfull \hbox (33.82268pt too wide) has occurred while \output is active
 [][][][]  
 []

[30

 <../Images/s4.4.png>]
Overfull \hbox (33.82268pt too wide) in paragraph at lines 596--596
 [][][][]  
 []


Overfull \hbox (33.82268pt too wide) has occurred while \output is active
 [][][][]  
 []

[31

]
pdfTeX warning (ext4): destination with the same identifier (name{la-descendance-finale}) has been already used, duplicate ignored
<to be read again> 
                   \relax 
l.596 \end{frame}
                 
Overfull \hbox (33.82268pt too wide) has occurred while \output is active
 [][][][]  
 []

[32

]
pdfTeX warning (ext4): destination with the same identifier (name{la-descendance-finale}) has been already used, duplicate ignored
<to be read again> 
                   \relax 
l.596 \end{frame}
                 
Overfull \hbox (33.82268pt too wide) has occurred while \output is active
 [][][][]  
 []

[33

]
Overfull \hbox (33.82268pt too wide) in paragraph at lines 612--612
 [][][][]  
 []


LaTeX Warning: Command \' invalid in math mode on input line 612.


LaTeX Warning: Command \' invalid in math mode on input line 612.


LaTeX Warning: Command \' invalid in math mode on input line 612.


LaTeX Warning: Command \' invalid in math mode on input line 612.


Overfull \hbox (33.82268pt too wide) has occurred while \output is active
 [][][][]  
 []

[34

]
Overfull \hbox (33.82268pt too wide) in paragraph at lines 624--624
 [][][][]  
 []


LaTeX Warning: Command \' invalid in math mode on input line 624.


LaTeX Warning: Command \' invalid in math mode on input line 624.


LaTeX Warning: Command \' invalid in math mode on input line 624.


LaTeX Warning: Command \' invalid in math mode on input line 624.


Overfull \hbox (33.82268pt too wide) has occurred while \output is active
 [][][][]  
 []

[35

]
Overfull \hbox (33.82268pt too wide) in paragraph at lines 629--629
 [][][][]  
 []

<../Images/s4.5.png, id=412, 623.32875pt x 522.95375pt>
File: ../Images/s4.5.png Graphic file (type png)
<use ../Images/s4.5.png>
Package pdftex.def Info: ../Images/s4.5.png  used on input line 629.
(pdftex.def)             Requested size: 296.55028pt x 248.79662pt.

Overfull \vbox (31.0092pt too high) detected at line 629
 []


Overfull \hbox (33.82268pt too wide) has occurred while \output is active
 [][][][]  
 []

[36

 <../Images/s4.5.png>]
Overfull \hbox (33.82268pt too wide) in paragraph at lines 641--641
 [][][][]  
 []

<../Images/s4.6.png, id=424, 743.77875pt x 513.92pt>
File: ../Images/s4.6.png Graphic file (type png)
<use ../Images/s4.6.png>
Package pdftex.def Info: ../Images/s4.6.png  used on input line 641.
(pdftex.def)             Requested size: 342.43745pt x 236.60994pt.

Overfull \vbox (54.76003pt too high) detected at line 641
 []


Overfull \hbox (33.82268pt too wide) has occurred while \output is active
 [][][][]  
 []

[37

 <../Images/s4.6.png>]
Overfull \hbox (33.82268pt too wide) in paragraph at lines 674--674
 [][][][]  
 []


Overfull \hbox (33.82268pt too wide) has occurred while \output is active
 [][][][]  
 []

[38

]
pdfTeX warning (ext4): destination with the same identifier (name{taux-brut-de-reproduction}) has been already used, duplicate ignored
<to be read again> 
                   \relax 
l.674 \end{frame}
                 
Overfull \hbox (33.82268pt too wide) has occurred while \output is active
 [][][][]  
 []

[39

]
pdfTeX warning (ext4): destination with the same identifier (name{taux-brut-de-reproduction}) has been already used, duplicate ignored
<to be read again> 
                   \relax 
l.674 \end{frame}
                 
Overfull \hbox (33.82268pt too wide) has occurred while \output is active
 [][][][]  
 []

[40

]
pdfTeX warning (ext4): destination with the same identifier (name{taux-brut-de-reproduction}) has been already used, duplicate ignored
<to be read again> 
                   \relax 
l.674 \end{frame}
                 
Overfull \hbox (33.82268pt too wide) has occurred while \output is active
 [][][][]  
 []

[41

]
pdfTeX warning (ext4): destination with the same identifier (name{taux-brut-de-reproduction}) has been already used, duplicate ignored
<to be read again> 
                   \relax 
l.674 \end{frame}
                 
Overfull \hbox (33.82268pt too wide) has occurred while \output is active
 [][][][]  
 []

[42

]
Overfull \hbox (33.82268pt too wide) in paragraph at lines 711--711
 [][][][]  
 []


Overfull \hbox (33.82268pt too wide) has occurred while \output is active
 [][][][]  
 []

[43

]
pdfTeX warning (ext4): destination with the same identifier (name{taux-net-de-reproduction}) has been already used, duplicate ignored
<to be read again> 
                   \relax 
l.711 \end{frame}
                 
Overfull \hbox (33.82268pt too wide) has occurred while \output is active
 [][][][]  
 []

[44

]
pdfTeX warning (ext4): destination with the same identifier (name{taux-net-de-reproduction}) has been already used, duplicate ignored
<to be read again> 
                   \relax 
l.711 \end{frame}
                 
Overfull \hbox (33.82268pt too wide) has occurred while \output is active
 [][][][]  
 []

[45

]
pdfTeX warning (ext4): destination with the same identifier (name{taux-net-de-reproduction}) has been already used, duplicate ignored
<to be read again> 
                   \relax 
l.711 \end{frame}
                 
Overfull \hbox (33.82268pt too wide) has occurred while \output is active
 [][][][]  
 []

[46

]
pdfTeX warning (ext4): destination with the same identifier (name{taux-net-de-reproduction}) has been already used, duplicate ignored
<to be read again> 
                   \relax 
l.711 \end{frame}
                 
Overfull \hbox (33.82268pt too wide) has occurred while \output is active
 [][][][]  
 []

[47

]
Overfull \hbox (33.82268pt too wide) in paragraph at lines 729--729
 [][][][]  
 []

<../Images/s4.12.png, id=515, 715.67375pt x 273.02pt>
File: ../Images/s4.12.png Graphic file (type png)
<use ../Images/s4.12.png>
Package pdftex.def Info: ../Images/s4.12.png  used on input line 729.
(pdftex.def)             Requested size: 342.43839pt x 130.63568pt.

Overfull \hbox (33.82268pt too wide) has occurred while \output is active
 [][][][]  
 []

[48

 <../Images/s4.12.png>]
pdfTeX warning (ext4): destination with the same identifier (name{luxe2ge-moyen-uxe0-la-maternituxe9-dune-guxe9nuxe9ration}) has been already used, duplicate ignored
<to be read again> 
                   \relax 
l.729 \end{frame}
                 
File: ../Images/s4.12.png Graphic file (type png)
<use ../Images/s4.12.png>
Package pdftex.def Info: ../Images/s4.12.png  used on input line 729.
(pdftex.def)             Requested size: 342.43839pt x 130.63568pt.

Overfull \hbox (33.82268pt too wide) has occurred while \output is active
 [][][][]  
 []

[49

]
Overfull \hbox (33.82268pt too wide) in paragraph at lines 748--748
 [][][][]  
 []


Overfull \hbox (33.82268pt too wide) has occurred while \output is active
 [][][][]  
 []

[50

]
pdfTeX warning (ext4): destination with the same identifier (name{lien-entre-indice-synthuxe9tique-de-fuxe9condituxe9-et-descendance-finale}) has been already used, duplicate ignored
<to be read again> 
                   \relax 
l.748 \end{frame}
                 
Overfull \hbox (33.82268pt too wide) has occurred while \output is active
 [][][][]  
 []

[51

]
Overfull \hbox (33.82268pt too wide) in paragraph at lines 765--765
 [][][][]  
 []


Overfull \hbox (33.82268pt too wide) has occurred while \output is active
 [][][][]  
 []

[52

]
Overfull \hbox (33.82268pt too wide) in paragraph at lines 797--797
 [][][][]  
 []


Overfull \hbox (33.82268pt too wide) has occurred while \output is active
 [][][][]  
 []

[53

]
Overfull \hbox (33.82268pt too wide) in paragraph at lines 804--804
 [][][][]  
 []


Overfull \hbox (33.82268pt too wide) has occurred while \output is active
 [][][][]  
 []

[54

]
Overfull \hbox (33.82268pt too wide) in paragraph at lines 809--809
 [][][][]  
 []

<../Images/isf_df.png, id=582, 928.46875pt x 673.51625pt>
File: ../Images/isf_df.png Graphic file (type png)
<use ../Images/isf_df.png>
Package pdftex.def Info: ../Images/isf_df.png  used on input line 809.
(pdftex.def)             Requested size: 342.43718pt x 248.40578pt.

Overfull \vbox (30.61836pt too high) detected at line 809
 []


Overfull \hbox (33.82268pt too wide) has occurred while \output is active
 [][][][]  
 []

[55

 <../Images/isf_df.png>]
Overfull \hbox (33.82268pt too wide) in paragraph at lines 827--827
 [][][][]  
 []


Overfull \hbox (33.82268pt too wide) has occurred while \output is active
 [][][][]  
 []

[56

]
Overfull \hbox (33.82268pt too wide) in paragraph at lines 840--840
 [][][][]  
 []


Overfull \hbox (33.82268pt too wide) has occurred while \output is active
 [][][][]  
 []

[57

]
Overfull \hbox (33.82268pt too wide) in paragraph at lines 854--854
 [][][][]  
 []


Overfull \hbox (33.82268pt too wide) has occurred while \output is active
 [][][][]  
 []

[58

]
Overfull \hbox (33.82268pt too wide) in paragraph at lines 865--865
 [][][][]  
 []

<../Images/s4.7.png, id=626, 690.58pt x 373.395pt>
File: ../Images/s4.7.png Graphic file (type png)
<use ../Images/s4.7.png>
Package pdftex.def Info: ../Images/s4.7.png  used on input line 865.
(pdftex.def)             Requested size: 342.43352pt x 185.153pt.

Overfull \hbox (33.82268pt too wide) has occurred while \output is active
 [][][][]  
 []

[59

 <../Images/s4.7.png>]
Overfull \hbox (33.82268pt too wide) in paragraph at lines 870--870
 [][][][]  
 []

<../Images/s4.8.png, id=638, 700.6175pt x 368.37625pt>
File: ../Images/s4.8.png Graphic file (type png)
<use ../Images/s4.8.png>
Package pdftex.def Info: ../Images/s4.8.png  used on input line 870.
(pdftex.def)             Requested size: 342.43964pt x 180.05063pt.

Overfull \hbox (33.82268pt too wide) has occurred while \output is active
 [][][][]  
 []

[60

 <../Images/s4.8.png>]
Overfull \hbox (33.82268pt too wide) in paragraph at lines 875--875
 [][][][]  
 []

<../Images/s4.9.png, id=650, 701.62125pt x 371.3875pt>
File: ../Images/s4.9.png Graphic file (type png)
<use ../Images/s4.9.png>
Package pdftex.def Info: ../Images/s4.9.png  used on input line 875.
(pdftex.def)             Requested size: 342.43777pt x 181.26176pt.

Overfull \hbox (33.82268pt too wide) has occurred while \output is active
 [][][][]  
 []

[61

 <../Images/s4.9.png>]
Overfull \hbox (33.82268pt too wide) in paragraph at lines 880--880
 [][][][]  
 []

<../Images/s4.10.png, id=663, 701.62125pt x 372.39125pt>
File: ../Images/s4.10.png Graphic file (type png)
<use ../Images/s4.10.png>
Package pdftex.def Info: ../Images/s4.10.png  used on input line 880.
(pdftex.def)             Requested size: 342.43777pt x 181.75166pt.

Overfull \hbox (33.82268pt too wide) has occurred while \output is active
 [][][][]  
 []

[62

 <../Images/s4.10.png>]
Overfull \hbox (33.82268pt too wide) in paragraph at lines 885--885
 [][][][]  
 []

<../Images/s4.11.png, id=675, 687.56876pt x 364.36125pt>
File: ../Images/s4.11.png Graphic file (type png)
<use ../Images/s4.11.png>
Package pdftex.def Info: ../Images/s4.11.png  used on input line 885.
(pdftex.def)             Requested size: 342.43013pt x 181.46297pt.

Overfull \hbox (33.82268pt too wide) has occurred while \output is active
 [][][][]  
 []

[63

 <../Images/s4.11.png>]
Overfull \hbox (33.82268pt too wide) in paragraph at lines 889--889
 [][][][]  
 []


Overfull \hbox (33.82268pt too wide) has occurred while \output is active
 [][][][]  
 []

[64

]
Overfull \hbox (33.82268pt too wide) in paragraph at lines 917--917
 [][][][]  
 []


Overfull \hbox (33.82268pt too wide) has occurred while \output is active
 [][][][]  
 []

[65

]
Overfull \hbox (33.82268pt too wide) in paragraph at lines 938--938
 [][][][]  
 []


Overfull \hbox (33.82268pt too wide) has occurred while \output is active
 [][][][]  
 []

[66

]
Overfull \hbox (33.82268pt too wide) in paragraph at lines 949--949
 [][][][]  
 []

<../Images/tbf.png, id=730, 2107.875pt x 2107.875pt>
File: ../Images/tbf.png Graphic file (type png)
<use ../Images/tbf.png>
Package pdftex.def Info: ../Images/tbf.png  used on input line 949.
(pdftex.def)             Requested size: 248.78499pt x 248.78499pt.

Overfull \vbox (50.59758pt too high) detected at line 949
 []


Overfull \hbox (33.82268pt too wide) has occurred while \output is active
 [][][][]  
 []

[67

 <../Images/tbf.png>]
Overfull \hbox (33.82268pt too wide) in paragraph at lines 954--954
 [][][][]  
 []

<../Images/isf.png, id=743, 2107.875pt x 2107.875pt>
File: ../Images/isf.png Graphic file (type png)
<use ../Images/isf.png>
Package pdftex.def Info: ../Images/isf.png  used on input line 954.
(pdftex.def)             Requested size: 248.78499pt x 248.78499pt.

Overfull \vbox (30.99757pt too high) detected at line 954
 []


Overfull \hbox (33.82268pt too wide) has occurred while \output is active
 [][][][]  
 []

[68

 <../Images/isf.png>]
Overfull \hbox (33.82268pt too wide) in paragraph at lines 968--968
 [][][][]  
 []

<../Images/s4.14.png, id=755, 531.9875pt x 342.27875pt>
File: ../Images/s4.14.png Graphic file (type png)
<use ../Images/s4.14.png>
Package pdftex.def Info: ../Images/s4.14.png  used on input line 968.
(pdftex.def)             Requested size: 342.44339pt x 220.32677pt.

Overfull \vbox (70.07686pt too high) detected at line 968
 []


Overfull \hbox (33.82268pt too wide) has occurred while \output is active
 [][][][]  
 []

[69

 <../Images/s4.14.png>]
Overfull \hbox (33.82268pt too wide) in paragraph at lines 981--981
 [][][][]  
 []

<../Images/s4.15.png, id=767, 537.00626pt x 349.305pt>
File: ../Images/s4.15.png Graphic file (type png)
<use ../Images/s4.15.png>
Package pdftex.def Info: ../Images/s4.15.png  used on input line 981.
(pdftex.def)             Requested size: 342.43733pt x 222.74428pt.

Overfull \vbox (58.28601pt too high) detected at line 981
 []


Overfull \hbox (33.82268pt too wide) has occurred while \output is active
 [][][][]  
 []

[70

 <../Images/s4.15.png>]
Overfull \hbox (33.82268pt too wide) in paragraph at lines 985--985
 [][][][]  
 []


Overfull \hbox (33.82268pt too wide) has occurred while \output is active
 [][][][]  
 []

[71

]
Overfull \hbox (33.82268pt too wide) in paragraph at lines 989--989
 [][][][]  
 []


Overfull \hbox (33.82268pt too wide) has occurred while \output is active
 [][][][]  
 []

[72

]
Overfull \hbox (33.82268pt too wide) in paragraph at lines 1009--1009
 [][][][]  
 []


Overfull \hbox (33.82268pt too wide) has occurred while \output is active
 [][][][]  
 []

[73

]
Overfull \hbox (33.82268pt too wide) in paragraph at lines 1045--1045
 [][][][]  
 []


Overfull \hbox (33.82268pt too wide) has occurred while \output is active
 [][][][]  
 []

[74

]
Overfull \hbox (33.82268pt too wide) in paragraph at lines 1059--1059
 [][][][]  
 []


Overfull \hbox (33.82268pt too wide) has occurred while \output is active
 [][][][]  
 []

[75

]
Overfull \hbox (33.82268pt too wide) in paragraph at lines 1082--1082
 [][][][]  
 []


Overfull \hbox (33.82268pt too wide) has occurred while \output is active
 [][][][]  
 []

[76

]
Overfull \hbox (33.82268pt too wide) in paragraph at lines 1098--1098
 [][][][]  
 []


Overfull \hbox (33.82268pt too wide) has occurred while \output is active
 [][][][]  
 []

[77

]
Overfull \hbox (33.82268pt too wide) in paragraph at lines 1118--1118
 [][][][]  
 []


Overfull \hbox (33.82268pt too wide) has occurred while \output is active
 [][][][]  
 []

[78

]
Overfull \hbox (33.82268pt too wide) in paragraph at lines 1123--1123
 [][][][]  
 []

<../Images/Bongaarts.png, id=887, 902.37125pt x 689.57625pt>
File: ../Images/Bongaarts.png Graphic file (type png)
<use ../Images/Bongaarts.png>
Package pdftex.def Info: ../Images/Bongaarts.png  used on input line 1123.
(pdftex.def)             Requested size: 325.5694pt x 248.7944pt.

Overfull \vbox (49.00699pt too high) detected at line 1123
 []


Overfull \hbox (33.82268pt too wide) has occurred while \output is active
 [][][][]  
 []

[79

 <../Images/Bongaarts.png>]
Overfull \hbox (33.82268pt too wide) in paragraph at lines 1142--1142
 [][][][]  
 []


Overfull \hbox (33.82268pt too wide) has occurred while \output is active
 [][][][]  
 []

[80

]
Overfull \hbox (33.82268pt too wide) in paragraph at lines 1146--1146
 [][][][]  
 []


Overfull \hbox (33.82268pt too wide) has occurred while \output is active
 [][][][]  
 []

[81

]
Overfull \hbox (33.82268pt too wide) in paragraph at lines 1179--1179
 [][][][]  
 []


Overfull \hbox (33.82268pt too wide) has occurred while \output is active
 [][][][]  
 []

[82

]
Overfull \hbox (33.82268pt too wide) in paragraph at lines 1184--1184
 [][][][]  
 []

<../Images/Becker.png, id=940, 924.45375pt x 618.31pt>
File: ../Images/Becker.png Graphic file (type png)
<use ../Images/Becker.png>
Package pdftex.def Info: ../Images/Becker.png  used on input line 1184.
(pdftex.def)             Requested size: 342.4375pt x 229.03528pt.

Overfull \vbox (11.24786pt too high) detected at line 1184
 []


Overfull \hbox (33.82268pt too wide) has occurred while \output is active
 [][][][]  
 []

[83

 <../Images/Becker.png>]
Overfull \hbox (33.82268pt too wide) in paragraph at lines 1200--1200
 [][][][]  
 []


Overfull \hbox (33.82268pt too wide) has occurred while \output is active
 [][][][]  
 []

[84

]
Overfull \hbox (33.82268pt too wide) in paragraph at lines 1224--1224
 [][][][]  
 []


Overfull \hbox (33.82268pt too wide) has occurred while \output is active
 [][][][]  
 []

[85

]
Overfull \hbox (33.82268pt too wide) in paragraph at lines 1255--1255
 [][][][]  
 []


Overfull \hbox (33.82268pt too wide) has occurred while \output is active
 [][][][]  
 []

[86

]
pdfTeX warning (ext4): destination with the same identifier (name{la-thuxe9orie-cyclique-de-easterlin-1}) has been already used, duplicate ignored
<to be read again> 
                   \relax 
l.1255 \end{frame}
                  
Overfull \hbox (33.82268pt too wide) has occurred while \output is active
 [][][][]  
 []

[87

]
pdfTeX warning (ext4): destination with the same identifier (name{la-thuxe9orie-cyclique-de-easterlin-1}) has been already used, duplicate ignored
<to be read again> 
                   \relax 
l.1255 \end{frame}
                  
Overfull \hbox (33.82268pt too wide) has occurred while \output is active
 [][][][]  
 []

[88

]
Overfull \hbox (33.82268pt too wide) in paragraph at lines 1283--1283
 [][][][]  
 []


Overfull \hbox (33.82268pt too wide) has occurred while \output is active
 [][][][]  
 []

[89

]
pdfTeX warning (ext4): destination with the same identifier (name{la-thuxe9orie-cyclique-de-easterlin-2}) has been already used, duplicate ignored
<to be read again> 
                   \relax 
l.1283 \end{frame}
                  
Overfull \hbox (33.82268pt too wide) has occurred while \output is active
 [][][][]  
 []

[90

]
pdfTeX warning (ext4): destination with the same identifier (name{la-thuxe9orie-cyclique-de-easterlin-2}) has been already used, duplicate ignored
<to be read again> 
                   \relax 
l.1283 \end{frame}
                  
Overfull \hbox (33.82268pt too wide) has occurred while \output is active
 [][][][]  
 []

[91

]
Overfull \hbox (33.82268pt too wide) in paragraph at lines 1321--1321
 [][][][]  
 []


Overfull \vbox (6.34181pt too high) detected at line 1321
 []


Overfull \hbox (33.82268pt too wide) has occurred while \output is active
 [][][][]  
 []

[92

]
pdfTeX warning (ext4): destination with the same identifier (name{la-thuxe9orie-cyclique-de-easterlin-3}) has been already used, duplicate ignored
<to be read again> 
                   \relax 
l.1321 \end{frame}
                  
Overfull \vbox (6.34181pt too high) detected at line 1321
 []


Overfull \hbox (33.82268pt too wide) has occurred while \output is active
 [][][][]  
 []

[93

]
pdfTeX warning (ext4): destination with the same identifier (name{la-thuxe9orie-cyclique-de-easterlin-3}) has been already used, duplicate ignored
<to be read again> 
                   \relax 
l.1321 \end{frame}
                  
Overfull \vbox (6.34181pt too high) detected at line 1321
 []


Overfull \hbox (33.82268pt too wide) has occurred while \output is active
 [][][][]  
 []

[94

]
pdfTeX warning (ext4): destination with the same identifier (name{la-thuxe9orie-cyclique-de-easterlin-3}) has been already used, duplicate ignored
<to be read again> 
                   \relax 
l.1321 \end{frame}
                  
Overfull \vbox (6.34181pt too high) detected at line 1321
 []


Overfull \hbox (33.82268pt too wide) has occurred while \output is active
 [][][][]  
 []

[95

]
Overfull \hbox (33.82268pt too wide) in paragraph at lines 1344--1344
 [][][][]  
 []


Overfull \hbox (33.82268pt too wide) has occurred while \output is active
 [][][][]  
 []

[96

]
pdfTeX warning (ext4): destination with the same identifier (name{la-thuxe9orie-cyclique-de-easterlin-4}) has been already used, duplicate ignored
<to be read again> 
                   \relax 
l.1344 \end{frame}
                  
Overfull \hbox (33.82268pt too wide) has occurred while \output is active
 [][][][]  
 []

[97

]
pdfTeX warning (ext4): destination with the same identifier (name{la-thuxe9orie-cyclique-de-easterlin-4}) has been already used, duplicate ignored
<to be read again> 
                   \relax 
l.1344 \end{frame}
                  
Overfull \hbox (33.82268pt too wide) has occurred while \output is active
 [][][][]  
 []

[98

]
Overfull \hbox (33.82268pt too wide) in paragraph at lines 1373--1373
 [][][][]  
 []


Overfull \hbox (33.82268pt too wide) has occurred while \output is active
 [][][][]  
 []

[99

]
pdfTeX warning (ext4): destination with the same identifier (name{la-thuxe9orie-contra-cyclique-de-butz-et-ward}) has been already used, duplicate ignored
<to be read again> 
                   \relax 
l.1373 \end{frame}
                  
Overfull \hbox (33.82268pt too wide) has occurred while \output is active
 [][][][]  
 []

[100

]
Overfull \hbox (33.82268pt too wide) in paragraph at lines 1398--1398
 [][][][]  
 []


Overfull \hbox (33.82268pt too wide) has occurred while \output is active
 [][][][]  
 []

[101

]
pdfTeX warning (ext4): destination with the same identifier (name{la-thuxe9orie-contra-cyclique-de-butz-et-ward-1}) has been already used, duplicate ignored
<to be read again> 
                   \relax 
l.1398 \end{frame}
                  
Overfull \hbox (33.82268pt too wide) has occurred while \output is active
 [][][][]  
 []

[102

]
pdfTeX warning (ext4): destination with the same identifier (name{la-thuxe9orie-contra-cyclique-de-butz-et-ward-1}) has been already used, duplicate ignored
<to be read again> 
                   \relax 
l.1398 \end{frame}
                  
Overfull \hbox (33.82268pt too wide) has occurred while \output is active
 [][][][]  
 []

[103

]
Overfull \hbox (33.82268pt too wide) in paragraph at lines 1414--1414
 [][][][]  
 []


Overfull \hbox (33.82268pt too wide) has occurred while \output is active
 [][][][]  
 []

[104

]
Overfull \hbox (33.82268pt too wide) in paragraph at lines 1426--1426
 [][][][]  
 []


Overfull \hbox (33.82268pt too wide) has occurred while \output is active
 [][][][]  
 []

[105

]
Overfull \hbox (33.82268pt too wide) in paragraph at lines 1481--1481
 [][][][]  
 []


Overfull \hbox (33.82268pt too wide) has occurred while \output is active
 [][][][]  
 []

[106

]
pdfTeX warning (ext4): destination with the same identifier (name{les-thuxe9ories-sociologiques-la-seconde-transition-duxe9mographique-1}) has been already used, duplicate ignored
<to be read again> 
                   \relax 
l.1481 \end{frame}
                  
Overfull \hbox (33.82268pt too wide) has occurred while \output is active
 [][][][]  
 []

[107

]
pdfTeX warning (ext4): destination with the same identifier (name{les-thuxe9ories-sociologiques-la-seconde-transition-duxe9mographique-1}) has been already used, duplicate ignored
<to be read again> 
                   \relax 
l.1481 \end{frame}
                  
Overfull \hbox (33.82268pt too wide) has occurred while \output is active
 [][][][]  
 []

[108

]
pdfTeX warning (ext4): destination with the same identifier (name{les-thuxe9ories-sociologiques-la-seconde-transition-duxe9mographique-1}) has been already used, duplicate ignored
<to be read again> 
                   \relax 
l.1481 \end{frame}
                  
Overfull \hbox (33.82268pt too wide) has occurred while \output is active
 [][][][]  
 []

[109

]
pdfTeX warning (ext4): destination with the same identifier (name{les-thuxe9ories-sociologiques-la-seconde-transition-duxe9mographique-1}) has been already used, duplicate ignored
<to be read again> 
                   \relax 
l.1481 \end{frame}
                  
Overfull \hbox (33.82268pt too wide) has occurred while \output is active
 [][][][]  
 []

[110

]
pdfTeX warning (ext4): destination with the same identifier (name{les-thuxe9ories-sociologiques-la-seconde-transition-duxe9mographique-1}) has been already used, duplicate ignored
<to be read again> 
                   \relax 
l.1481 \end{frame}
                  
Overfull \hbox (33.82268pt too wide) has occurred while \output is active
 [][][][]  
 []

[111

]
pdfTeX warning (ext4): destination with the same identifier (name{les-thuxe9ories-sociologiques-la-seconde-transition-duxe9mographique-1}) has been already used, duplicate ignored
<to be read again> 
                   \relax 
l.1481 \end{frame}
                  
Overfull \hbox (33.82268pt too wide) has occurred while \output is active
 [][][][]  
 []

[112

]
Overfull \hbox (33.82268pt too wide) in paragraph at lines 1504--1504
 [][][][]  
 []


Overfull \hbox (33.82268pt too wide) has occurred while \output is active
 [][][][]  
 []

[113

]
pdfTeX warning (ext4): destination with the same identifier (name{les-thuxe9ories-sociologiques-la-seconde-transition-duxe9mographique-2}) has been already used, duplicate ignored
<to be read again> 
                   \relax 
l.1504 \end{frame}
                  
Overfull \hbox (33.82268pt too wide) has occurred while \output is active
 [][][][]  
 []

[114

]
Overfull \hbox (33.82268pt too wide) in paragraph at lines 1520--1520
 [][][][]  
 []


Overfull \hbox (33.82268pt too wide) has occurred while \output is active
 [][][][]  
 []

[115

]
Overfull \hbox (33.82268pt too wide) in paragraph at lines 1549--1549
 [][][][]  
 []


Overfull \hbox (33.82268pt too wide) has occurred while \output is active
 [][][][]  
 []

[116

]
pdfTeX warning (ext4): destination with the same identifier (name{les-thuxe9ories-sociologiques-la-thuxe8se-individualiste-de-lesthaeghe}) has been already used, duplicate ignored
<to be read again> 
                   \relax 
l.1549 \end{frame}
                  
Overfull \hbox (33.82268pt too wide) has occurred while \output is active
 [][][][]  
 []

[117

]
Overfull \hbox (33.82268pt too wide) in paragraph at lines 1582--1582
 [][][][]  
 []


Overfull \hbox (33.82268pt too wide) has occurred while \output is active
 [][][][]  
 []

[118

]
pdfTeX warning (ext4): destination with the same identifier (name{les-thuxe9ories-sociologiques-la-thuxe9orie-de-luxe9galituxe9-des-sexes}) has been already used, duplicate ignored
<to be read again> 
                   \relax 
l.1582 \end{frame}
                  
Overfull \hbox (33.82268pt too wide) has occurred while \output is active
 [][][][]  
 []

[119

]
pdfTeX warning (ext4): destination with the same identifier (name{les-thuxe9ories-sociologiques-la-thuxe9orie-de-luxe9galituxe9-des-sexes}) has been already used, duplicate ignored
<to be read again> 
                   \relax 
l.1582 \end{frame}
                  
Overfull \hbox (33.82268pt too wide) has occurred while \output is active
 [][][][]  
 []

[120

]
pdfTeX warning (ext4): destination with the same identifier (name{les-thuxe9ories-sociologiques-la-thuxe9orie-de-luxe9galituxe9-des-sexes}) has been already used, duplicate ignored
<to be read again> 
                   \relax 
l.1582 \end{frame}
                  
Overfull \hbox (33.82268pt too wide) has occurred while \output is active
 [][][][]  
 []

[121

]
Overfull \hbox (33.82268pt too wide) in paragraph at lines 1611--1611
 [][][][]  
 []


Overfull \hbox (33.82268pt too wide) has occurred while \output is active
 [][][][]  
 []

[122

]
pdfTeX warning (ext4): destination with the same identifier (name{la-thuxe9orie-des-flux-de-richesse-de-caldwell}) has been already used, duplicate ignored
<to be read again> 
                   \relax 
l.1611 \end{frame}
                  
Overfull \hbox (33.82268pt too wide) has occurred while \output is active
 [][][][]  
 []

[123

]
pdfTeX warning (ext4): destination with the same identifier (name{la-thuxe9orie-des-flux-de-richesse-de-caldwell}) has been already used, duplicate ignored
<to be read again> 
                   \relax 
l.1611 \end{frame}
                  
Overfull \hbox (33.82268pt too wide) has occurred while \output is active
 [][][][]  
 []

[124

]
Overfull \hbox (33.82268pt too wide) in paragraph at lines 1629--1629
 [][][][]  
 []


Overfull \hbox (33.82268pt too wide) has occurred while \output is active
 [][][][]  
 []

[125

]
pdfTeX warning (ext4): destination with the same identifier (name{la-thuxe9orie-des-flux-de-richesse-de-caldwell-1}) has been already used, duplicate ignored
<to be read again> 
                   \relax 
l.1629 \end{frame}
                  
Overfull \hbox (33.82268pt too wide) has occurred while \output is active
 [][][][]  
 []

[126

]
Overfull \hbox (33.82268pt too wide) in paragraph at lines 1671--1671
 [][][][]  
 []


Overfull \hbox (33.82268pt too wide) has occurred while \output is active
 [][][][]  
 []

[127

]
pdfTeX warning (ext4): destination with the same identifier (name{la-thuxe9orie-des-flux-de-richesse-de-caldwell-2}) has been already used, duplicate ignored
<to be read again> 
                   \relax 
l.1671 \end{frame}
                  
Overfull \hbox (33.82268pt too wide) has occurred while \output is active
 [][][][]  
 []

[128

]
pdfTeX warning (ext4): destination with the same identifier (name{la-thuxe9orie-des-flux-de-richesse-de-caldwell-2}) has been already used, duplicate ignored
<to be read again> 
                   \relax 
l.1671 \end{frame}
                  
Overfull \hbox (33.82268pt too wide) has occurred while \output is active
 [][][][]  
 []

[129

]
pdfTeX warning (ext4): destination with the same identifier (name{la-thuxe9orie-des-flux-de-richesse-de-caldwell-2}) has been already used, duplicate ignored
<to be read again> 
                   \relax 
l.1671 \end{frame}
                  
Overfull \hbox (33.82268pt too wide) has occurred while \output is active
 [][][][]  
 []

[130

]
pdfTeX warning (ext4): destination with the same identifier (name{la-thuxe9orie-des-flux-de-richesse-de-caldwell-2}) has been already used, duplicate ignored
<to be read again> 
                   \relax 
l.1671 \end{frame}
                  
Overfull \hbox (33.82268pt too wide) has occurred while \output is active
 [][][][]  
 []

[131

]
pdfTeX warning (ext4): destination with the same identifier (name{la-thuxe9orie-des-flux-de-richesse-de-caldwell-2}) has been already used, duplicate ignored
<to be read again> 
                   \relax 
l.1671 \end{frame}
                  
Overfull \hbox (33.82268pt too wide) has occurred while \output is active
 [][][][]  
 []

[132

]
Overfull \hbox (33.82268pt too wide) in paragraph at lines 1676--1676
 [][][][]  
 []

<../Images/Caldwell.png, id=1360, 914.41624pt x 667.49374pt>
File: ../Images/Caldwell.png Graphic file (type png)
<use ../Images/Caldwell.png>
Package pdftex.def Info: ../Images/Caldwell.png  used on input line 1676.
(pdftex.def)             Requested size: 340.82628pt x 248.79196pt.

Overfull \vbox (31.00455pt too high) detected at line 1676
 []


Overfull \hbox (33.82268pt too wide) has occurred while \output is active
 [][][][]  
 []

[133

 <../Images/Caldwell.png>]
Overfull \hbox (33.82268pt too wide) in paragraph at lines 1704--1704
 [][][][]  
 []


Overfull \hbox (33.82268pt too wide) has occurred while \output is active
 [][][][]  
 []

[134

]
Overfull \hbox (33.82268pt too wide) in paragraph at lines 1731--1731
 [][][][]  
 []


Overfull \hbox (33.82268pt too wide) has occurred while \output is active
 [][][][]  
 []

[135

]
pdfTeX warning (ext4): destination with the same identifier (name{les-politiques-publiques}) has been already used, duplicate ignored
<to be read again> 
                   \relax 
l.1731 \end{frame}
                  
Overfull \hbox (33.82268pt too wide) has occurred while \output is active
 [][][][]  
 []

[136

]
pdfTeX warning (ext4): destination with the same identifier (name{les-politiques-publiques}) has been already used, duplicate ignored
<to be read again> 
                   \relax 
l.1731 \end{frame}
                  
Overfull \hbox (33.82268pt too wide) has occurred while \output is active
 [][][][]  
 []

[137

]
Overfull \hbox (33.82268pt too wide) in paragraph at lines 1754--1754
 [][][][]  
 []


Overfull \hbox (33.82268pt too wide) has occurred while \output is active
 [][][][]  
 []

[138

]
pdfTeX warning (ext4): destination with the same identifier (name{les-politiques-publiques-1}) has been already used, duplicate ignored
<to be read again> 
                   \relax 
l.1754 \end{frame}
                  
Overfull \hbox (33.82268pt too wide) has occurred while \output is active
 [][][][]  
 []

[139

]
pdfTeX warning (ext4): destination with the same identifier (name{les-politiques-publiques-1}) has been already used, duplicate ignored
<to be read again> 
                   \relax 
l.1754 \end{frame}
                  
Overfull \hbox (33.82268pt too wide) has occurred while \output is active
 [][][][]  
 []

[140

]
pdfTeX warning (ext4): destination with the same identifier (name{les-politiques-publiques-1}) has been already used, duplicate ignored
<to be read again> 
                   \relax 
l.1754 \end{frame}
                  
Overfull \hbox (33.82268pt too wide) has occurred while \output is active
 [][][][]  
 []

[141

]
Overfull \hbox (33.82268pt too wide) in paragraph at lines 1777--1777
 [][][][]  
 []


Overfull \hbox (33.82268pt too wide) has occurred while \output is active
 [][][][]  
 []

[142

]
pdfTeX warning (ext4): destination with the same identifier (name{les-politiques-publiques-2}) has been already used, duplicate ignored
<to be read again> 
                   \relax 
l.1777 \end{frame}
                  
Overfull \hbox (33.82268pt too wide) has occurred while \output is active
 [][][][]  
 []

[143

]
pdfTeX warning (ext4): destination with the same identifier (name{les-politiques-publiques-2}) has been already used, duplicate ignored
<to be read again> 
                   \relax 
l.1777 \end{frame}
                  
Overfull \hbox (33.82268pt too wide) has occurred while \output is active
 [][][][]  
 []

[144

]
Overfull \hbox (33.82268pt too wide) in paragraph at lines 1805--1805
 [][][][]  
 []


Overfull \hbox (33.82268pt too wide) has occurred while \output is active
 [][][][]  
 []

[145

]
pdfTeX warning (ext4): destination with the same identifier (name{les-politiques-publiques-3}) has been already used, duplicate ignored
<to be read again> 
                   \relax 
l.1805 \end{frame}
                  
Overfull \hbox (33.82268pt too wide) has occurred while \output is active
 [][][][]  
 []

[146

]
pdfTeX warning (ext4): destination with the same identifier (name{les-politiques-publiques-3}) has been already used, duplicate ignored
<to be read again> 
                   \relax 
l.1805 \end{frame}
                  
Overfull \hbox (33.82268pt too wide) has occurred while \output is active
 [][][][]  
 []

[147

]
pdfTeX warning (ext4): destination with the same identifier (name{les-politiques-publiques-3}) has been already used, duplicate ignored
<to be read again> 
                   \relax 
l.1805 \end{frame}
                  
Overfull \hbox (33.82268pt too wide) has occurred while \output is active
 [][][][]  
 []

[148

]
Overfull \hbox (33.82268pt too wide) in paragraph at lines 1826--1826
 [][][][]  
 []


Overfull \hbox (33.82268pt too wide) has occurred while \output is active
 [][][][]  
 []

[149

]
pdfTeX warning (ext4): destination with the same identifier (name{les-politiques-publiques-4}) has been already used, duplicate ignored
<to be read again> 
                   \relax 
l.1826 \end{frame}
                  
Overfull \hbox (33.82268pt too wide) has occurred while \output is active
 [][][][]  
 []

[150

]
Overfull \hbox (33.82268pt too wide) in paragraph at lines 1857--1857
 [][][][]  
 []


Overfull \hbox (33.82268pt too wide) has occurred while \output is active
 [][][][]  
 []

[151

]
pdfTeX warning (ext4): destination with the same identifier (name{les-politiques-publiques-5}) has been already used, duplicate ignored
<to be read again> 
                   \relax 
l.1857 \end{frame}
                  
Overfull \hbox (33.82268pt too wide) has occurred while \output is active
 [][][][]  
 []

[152

]
pdfTeX warning (ext4): destination with the same identifier (name{les-politiques-publiques-5}) has been already used, duplicate ignored
<to be read again> 
                   \relax 
l.1857 \end{frame}
                  
Overfull \hbox (33.82268pt too wide) has occurred while \output is active
 [][][][]  
 []

[153

]
Overfull \hbox (33.82268pt too wide) in paragraph at lines 1890--1890
 [][][][]  
 []


Overfull \hbox (33.82268pt too wide) has occurred while \output is active
 [][][][]  
 []

[154

]
pdfTeX warning (ext4): destination with the same identifier (name{les-politiques-publiques-6}) has been already used, duplicate ignored
<to be read again> 
                   \relax 
l.1890 \end{frame}
                  
Overfull \hbox (33.82268pt too wide) has occurred while \output is active
 [][][][]  
 []

[155

]
pdfTeX warning (ext4): destination with the same identifier (name{les-politiques-publiques-6}) has been already used, duplicate ignored
<to be read again> 
                   \relax 
l.1890 \end{frame}
                  
Overfull \hbox (33.82268pt too wide) has occurred while \output is active
 [][][][]  
 []

[156

]
pdfTeX warning (ext4): destination with the same identifier (name{les-politiques-publiques-6}) has been already used, duplicate ignored
<to be read again> 
                   \relax 
l.1890 \end{frame}
                  
Overfull \hbox (33.82268pt too wide) has occurred while \output is active
 [][][][]  
 []

[157

]
pdfTeX warning (ext4): destination with the same identifier (name{les-politiques-publiques-6}) has been already used, duplicate ignored
<to be read again> 
                   \relax 
l.1890 \end{frame}
                  
Overfull \hbox (33.82268pt too wide) has occurred while \output is active
 [][][][]  
 []

[158

]
Overfull \hbox (33.82268pt too wide) in paragraph at lines 1922--1922
 [][][][]  
 []


Overfull \hbox (33.82268pt too wide) has occurred while \output is active
 [][][][]  
 []

[159

]
pdfTeX warning (ext4): destination with the same identifier (name{les-politiques-publiques-7}) has been already used, duplicate ignored
<to be read again> 
                   \relax 
l.1922 \end{frame}
                  
Overfull \hbox (33.82268pt too wide) has occurred while \output is active
 [][][][]  
 []

[160

]
pdfTeX warning (ext4): destination with the same identifier (name{les-politiques-publiques-7}) has been already used, duplicate ignored
<to be read again> 
                   \relax 
l.1922 \end{frame}
                  
Overfull \hbox (33.82268pt too wide) has occurred while \output is active
 [][][][]  
 []

[161

]
pdfTeX warning (ext4): destination with the same identifier (name{les-politiques-publiques-7}) has been already used, duplicate ignored
<to be read again> 
                   \relax 
l.1922 \end{frame}
                  
Overfull \hbox (33.82268pt too wide) has occurred while \output is active
 [][][][]  
 []

[162

]
pdfTeX warning (ext4): destination with the same identifier (name{les-politiques-publiques-7}) has been already used, duplicate ignored
<to be read again> 
                   \relax 
l.1922 \end{frame}
                  
Overfull \hbox (33.82268pt too wide) has occurred while \output is active
 [][][][]  
 []

[163

]
pdfTeX warning (ext4): destination with the same identifier (name{les-politiques-publiques-7}) has been already used, duplicate ignored
<to be read again> 
                   \relax 
l.1922 \end{frame}
                  
Overfull \hbox (33.82268pt too wide) has occurred while \output is active
 [][][][]  
 []

[164

]
pdfTeX warning (ext4): destination with the same identifier (name{les-politiques-publiques-7}) has been already used, duplicate ignored
<to be read again> 
                   \relax 
l.1922 \end{frame}
                  
Overfull \hbox (33.82268pt too wide) has occurred while \output is active
 [][][][]  
 []

[165

]
Overfull \hbox (33.82268pt too wide) in paragraph at lines 1942--1942
 [][][][]  
 []


Overfull \hbox (33.82268pt too wide) has occurred while \output is active
 [][][][]  
 []

[166

]
pdfTeX warning (ext4): destination with the same identifier (name{les-politiques-publiques-8}) has been already used, duplicate ignored
<to be read again> 
                   \relax 
l.1942 \end{frame}
                  
Overfull \hbox (33.82268pt too wide) has occurred while \output is active
 [][][][]  
 []

[167

]
Overfull \hbox (33.82268pt too wide) in paragraph at lines 1947--1947
 [][][][]  
 []

<../Images/Bulatao.png, id=1648, 972.63374pt x 671.50874pt>
File: ../Images/Bulatao.png Graphic file (type png)
<use ../Images/Bulatao.png>
Package pdftex.def Info: ../Images/Bulatao.png  used on input line 1947.
(pdftex.def)             Requested size: 342.43047pt x 236.41484pt.

Overfull \vbox (18.62743pt too high) detected at line 1947
 []


Overfull \hbox (33.82268pt too wide) has occurred while \output is active
 [][][][]  
 []

[168

 <../Images/Bulatao.png>]
Overfull \hbox (33.82268pt too wide) in paragraph at lines 1969--1969
 [][][][]  
 []


Overfull \hbox (33.82268pt too wide) has occurred while \output is active
 [][][][]  
 []

[169

]
\tf@nav=\write6
\openout6 = `SOC1060_S6_La_vie_en_couple_Fecondite.nav'.

\tf@toc=\write7
\openout7 = `SOC1060_S6_La_vie_en_couple_Fecondite.toc'.

\tf@snm=\write8
\openout8 = `SOC1060_S6_La_vie_en_couple_Fecondite.snm'.

(./SOC1060_S6_La_vie_en_couple_Fecondite.aux)
 ***********
LaTeX2e <2023-06-01> patch level 1
L3 programming layer <2023-10-10>
 ***********
Package rerunfilecheck Info: File `SOC1060_S6_La_vie_en_couple_Fecondite.out' has not changed.
(rerunfilecheck)             Checksum: 0A77BF6990099A6DD6A927E166EB86FD;1411.
 ) 
Here is how much of TeX's memory you used:
 24401 strings out of 476464
 479273 string characters out of 5800267
 1937040 words of memory out of 5000000
 45184 multiletter control sequences out of 15000+600000
 615848 words of font info for 72 fonts, out of 8000000 for 9000
 14 hyphenation exceptions out of 8191
 101i,16n,107p,508b,743s stack positions out of 10000i,1000n,20000p,200000b,200000s
</Users/adjiwanouvisseho/Library/TinyTeX/texmf-dist/fonts/type1/public/lm/lmex10.pfb></Users/adjiwanouvisseho/Library/TinyTeX/texmf-dist/fonts/type1/public/lm/lmmi10.pfb></Users/adjiwanouvisseho/Library/TinyTeX/texmf-dist/fonts/type1/public/lm/lmmi8.pfb></Users/adjiwanouvisseho/Library/TinyTeX/texmf-dist/fonts/type1/public/lm/lmss10.pfb></Users/adjiwanouvisseho/Library/TinyTeX/texmf-dist/fonts/type1/public/lm/lmss12.pfb></Users/adjiwanouvisseho/Library/TinyTeX/texmf-dist/fonts/type1/public/lm/lmss8.pfb></Users/adjiwanouvisseho/Library/TinyTeX/texmf-dist/fonts/type1/public/lm/lmss9.pfb></Users/adjiwanouvisseho/Library/TinyTeX/texmf-dist/fonts/type1/public/lm/lmssbx10.pfb></Users/adjiwanouvisseho/Library/TinyTeX/texmf-dist/fonts/type1/public/lm/lmsso10.pfb></Users/adjiwanouvisseho/Library/TinyTeX/texmf-dist/fonts/type1/public/lm/lmsso8.pfb></Users/adjiwanouvisseho/Library/TinyTeX/texmf-dist/fonts/type1/public/lm/lmsy10.pfb>
Output written on SOC1060_S6_La_vie_en_couple_Fecondite.pdf (169 pages, 26106624 bytes).
PDF statistics:
 1826 PDF objects out of 2073 (max. 8388607)
 1343 compressed objects within 14 object streams
 433 named destinations out of 1000 (max. 500000)
 410 words of extra memory for PDF output out of 10000 (max. 10000000)

